[     282ms] [INFO] %cDownload the React DevTools for a better development experience: https://react.dev/link/react-devtools font-weight:bold @ http://localhost:3000/_next/static/chunks/node_modules_next_dist_1ybzpk2._.js:2477
[     331ms] [LOG] [HMR] connected @ http://localhost:3000/_next/static/chunks/node_modules_next_dist_1ybzpk2._.js:2477
[     404ms] [WARNING] Image with src "/project-espresso-v2.png" has "fill" but is missing "sizes" prop. Please add it to improve page performance. Read more: https://nextjs.org/docs/api-reference/next/image#sizes @ http://localhost:3000/_next/static/chunks/node_modules_next_dist_1ybzpk2._.js:2477
[     411ms] [WARNING] Image with src "/project-forma-chair.png" has "fill" but is missing "sizes" prop. Please add it to improve page performance. Read more: https://nextjs.org/docs/api-reference/next/image#sizes @ http://localhost:3000/_next/static/chunks/node_modules_next_dist_1ybzpk2._.js:2477
[     420ms] [WARNING] Image with src "/project-linea-kitchen.png" has "fill" but is missing "sizes" prop. Please add it to improve page performance. Read more: https://nextjs.org/docs/api-reference/next/image#sizes @ http://localhost:3000/_next/static/chunks/node_modules_next_dist_1ybzpk2._.js:2477
[   64738ms] [LOG] [Fast Refresh] rebuilding @ http://localhost:3000/_next/static/chunks/node_modules_next_dist_1ybzpk2._.js:2477
[   64863ms] [LOG] [Fast Refresh] done in 194ms @ http://localhost:3000/_next/static/chunks/node_modules_next_dist_1ybzpk2._.js:2477
[  329562ms] [LOG] [Fast Refresh] rebuilding @ http://localhost:3000/_next/static/chunks/node_modules_next_dist_1ybzpk2._.js:2477
[  329737ms] [LOG] [Fast Refresh] done in 245ms @ http://localhost:3000/_next/static/chunks/node_modules_next_dist_1ybzpk2._.js:2477
[  330036ms] [LOG] [Fast Refresh] rebuilding @ http://localhost:3000/_next/static/chunks/node_modules_next_dist_1ybzpk2._.js:2477
[  330471ms] [LOG] [Fast Refresh] done in 540ms @ http://localhost:3000/_next/static/chunks/node_modules_next_dist_1ybzpk2._.js:2477
[  331256ms] [WARNING] Image with src "/project-forma-chair-v2.png" has "fill" but is missing "sizes" prop. Please add it to improve page performance. Read more: https://nextjs.org/docs/api-reference/next/image#sizes @ http://localhost:3000/_next/static/chunks/node_modules_next_dist_1ybzpk2._.js:2477
[  331268ms] [WARNING] Image with src "/project-linea-kitchen-v2.png" has "fill" but is missing "sizes" prop. Please add it to improve page performance. Read more: https://nextjs.org/docs/api-reference/next/image#sizes @ http://localhost:3000/_next/static/chunks/node_modules_next_dist_1ybzpk2._.js:2477
[  361888ms] [LOG] [Fast Refresh] rebuilding @ http://localhost:3000/_next/static/chunks/node_modules_next_dist_1ybzpk2._.js:2477
[  361899ms] [LOG] [Fast Refresh] done in 113ms @ http://localhost:3000/_next/static/chunks/node_modules_next_dist_1ybzpk2._.js:2477
[  392598ms] [LOG] [Fast Refresh] rebuilding @ http://localhost:3000/_next/static/chunks/node_modules_next_dist_1ybzpk2._.js:2477
[  394803ms] [LOG] [Fast Refresh] done in 2174ms @ http://localhost:3000/_next/static/chunks/node_modules_next_dist_1ybzpk2._.js:2477
[  395147ms] [LOG] [Fast Refresh] rebuilding @ http://localhost:3000/_next/static/chunks/node_modules_next_dist_1ybzpk2._.js:2477
[  395153ms] [LOG] [Fast Refresh] done in 134ms @ http://localhost:3000/_next/static/chunks/node_modules_next_dist_1ybzpk2._.js:2477
[  427066ms] [LOG] [Fast Refresh] rebuilding @ http://localhost:3000/_next/static/chunks/node_modules_next_dist_1ybzpk2._.js:2477
[  427232ms] [LOG] [Fast Refresh] done in 134ms @ http://localhost:3000/_next/static/chunks/node_modules_next_dist_1ybzpk2._.js:2477
[  427262ms] [WARNING] [HMR] Invalid message: {"isTrusted":true}
TypeError: Cannot convert undefined or null to object
    at Object.keys (<anonymous>)
    at extractModulesFromTurbopackMessage (http://localhost:3000/_next/static/chunks/node_modules_next_dist_client_0r5nbpw._.js:13754:39)
    at TurbopackHmr.onTurbopackMessage (http://localhost:3000/_next/static/chunks/node_modules_next_dist_client_0r5nbpw._.js:13701:32)
    at processMessage (http://localhost:3000/_next/static/chunks/node_modules_next_dist_client_0r5nbpw._.js:14059:30)
    at WebSocket.handleMessage (http://localhost:3000/_next/static/chunks/node_modules_next_dist_client_0r5nbpw._.js:13458:52) @ http://localhost:3000/_next/static/chunks/node_modules_next_dist_1ybzpk2._.js:2477
[  484630ms] [LOG] [Fast Refresh] rebuilding @ http://localhost:3000/_next/static/chunks/node_modules_next_dist_1ybzpk2._.js:2477
[  485567ms] [LOG] [Fast Refresh] done in 790ms @ http://localhost:3000/_next/static/chunks/node_modules_next_dist_1ybzpk2._.js:2477
[  485689ms] [LOG] [Fast Refresh] rebuilding @ http://localhost:3000/_next/static/chunks/node_modules_next_dist_1ybzpk2._.js:2477
[  485754ms] [LOG] [Fast Refresh] done in 166ms @ http://localhost:3000/_next/static/chunks/node_modules_next_dist_1ybzpk2._.js:2477
[  581887ms] [LOG] [Fast Refresh] rebuilding @ http://localhost:3000/_next/static/chunks/node_modules_next_dist_1ybzpk2._.js:2477
[  581898ms] [LOG] [Fast Refresh] done in 113ms @ http://localhost:3000/_next/static/chunks/node_modules_next_dist_1ybzpk2._.js:2477
[  640953ms] [LOG] [Fast Refresh] rebuilding @ http://localhost:3000/_next/static/chunks/node_modules_next_dist_1ybzpk2._.js:2477
[  641033ms] [LOG] [Fast Refresh] done in 181ms @ http://localhost:3000/_next/static/chunks/node_modules_next_dist_1ybzpk2._.js:2477
[  857656ms] [LOG] [Fast Refresh] rebuilding @ http://localhost:3000/_next/static/chunks/node_modules_next_dist_1ybzpk2._.js:2477
[  858016ms] [ERROR] ./src/app/page.tsx:6:1
Module not found: Can't resolve '@/components/StudioPortraits'
  4 | import { AnimatedSection } from "@/components/AnimatedSection";
  5 | import { ProjectCard } from "@/components/ProjectCard";
> 6 | import { StudioPortraits } from "@/components/StudioPortraits";
    | ^^^^^^^^^^^^^^^^^^^^^^^^^^^^^^^^^^^^^^^^^^^^^^^^^^^^^^^^^^^^^^^
  7 | import { projects } from "@/data/projects";
  8 | import { deliverables, serviceFamilies } from "@/data/services";
  9 |

Import map: aliased to relative './src/components/StudioPortraits' inside of [project]/

https://nextjs.org/docs/messages/module-not-found @ http://localhost:3000/_next/static/chunks/node_modules_next_dist_1ybzpk2._.js:3318
[  858016ms] [ERROR] ./src/app/about/page.tsx:2:1
Module not found: Can't resolve '@/components/StudioPortraits'
  1 | import { AnimatedSection } from "@/components/AnimatedSection";
> 2 | import { StudioPortraits } from "@/components/StudioPortraits";
    | ^^^^^^^^^^^^^^^^^^^^^^^^^^^^^^^^^^^^^^^^^^^^^^^^^^^^^^^^^^^^^^^
  3 | import Link from "next/link";
  4 |
  5 | export default function AboutPage() {

Import map: aliased to relative './src/components/StudioPortraits' inside of [project]/

https://nextjs.org/docs/messages/module-not-found @ http://localhost:3000/_next/static/chunks/node_modules_next_dist_1ybzpk2._.js:3318
[  858194ms] [LOG] [Fast Refresh] rebuilding @ http://localhost:3000/_next/static/chunks/node_modules_next_dist_1ybzpk2._.js:2477
[  859006ms] [ERROR] ./src/app/page.tsx:6:1
Module not found: Can't resolve '@/components/StudioPortraits'
  4 | import { AnimatedSection } from "@/components/AnimatedSection";
  5 | import { ProjectCard } from "@/components/ProjectCard";
> 6 | import { StudioPortraits } from "@/components/StudioPortraits";
    | ^^^^^^^^^^^^^^^^^^^^^^^^^^^^^^^^^^^^^^^^^^^^^^^^^^^^^^^^^^^^^^^
  7 | import { projects } from "@/data/projects";
  8 | import { deliverables, serviceFamilies } from "@/data/services";
  9 |

Import map: aliased to relative './src/components/StudioPortraits' inside of [project]/

https://nextjs.org/docs/messages/module-not-found @ http://localhost:3000/_next/static/chunks/node_modules_next_dist_1ybzpk2._.js:3318
[  859007ms] [ERROR] ./src/app/about/page.tsx:2:1
Module not found: Can't resolve '@/components/StudioPortraits'
  1 | import { AnimatedSection } from "@/components/AnimatedSection";
> 2 | import { StudioPortraits } from "@/components/StudioPortraits";
    | ^^^^^^^^^^^^^^^^^^^^^^^^^^^^^^^^^^^^^^^^^^^^^^^^^^^^^^^^^^^^^^^
  3 | import Link from "next/link";
  4 |
  5 | export default function AboutPage() {

Import map: aliased to relative './src/components/StudioPortraits' inside of [project]/

https://nextjs.org/docs/messages/module-not-found @ http://localhost:3000/_next/static/chunks/node_modules_next_dist_1ybzpk2._.js:3318
[  859117ms] [LOG] [Fast Refresh] rebuilding @ http://localhost:3000/_next/static/chunks/node_modules_next_dist_1ybzpk2._.js:2477
[  859874ms] [ERROR] ./src/app/page.tsx:6:1
Module not found: Can't resolve '@/components/StudioPortraits'
  4 | import { AnimatedSection } from "@/components/AnimatedSection";
  5 | import { ProjectCard } from "@/components/ProjectCard";
> 6 | import { StudioPortraits } from "@/components/StudioPortraits";
    | ^^^^^^^^^^^^^^^^^^^^^^^^^^^^^^^^^^^^^^^^^^^^^^^^^^^^^^^^^^^^^^^
  7 | import { projects } from "@/data/projects";
  8 | import { deliverables, serviceFamilies } from "@/data/services";
  9 |

Import map: aliased to relative './src/components/StudioPortraits' inside of [project]/

https://nextjs.org/docs/messages/module-not-found @ http://localhost:3000/_next/static/chunks/node_modules_next_dist_1ybzpk2._.js:3318
[  859875ms] [ERROR] ./src/app/about/page.tsx:2:1
Module not found: Can't resolve '@/components/StudioPortraits'
  1 | import { AnimatedSection } from "@/components/AnimatedSection";
> 2 | import { StudioPortraits } from "@/components/StudioPortraits";
    | ^^^^^^^^^^^^^^^^^^^^^^^^^^^^^^^^^^^^^^^^^^^^^^^^^^^^^^^^^^^^^^^
  3 | import Link from "next/link";
  4 |
  5 | export default function AboutPage() {

Import map: aliased to relative './src/components/StudioPortraits' inside of [project]/

https://nextjs.org/docs/messages/module-not-found @ http://localhost:3000/_next/static/chunks/node_modules_next_dist_1ybzpk2._.js:3318
[  859892ms] [ERROR] Failed to load resource: the server responded with a status of 500 (Internal Server Error) @ http://localhost:3000/?_rsc=q3mOO9BClNZHexY7:0
[  859995ms] [ERROR] ./src/app/page.tsx:6:1
Module not found: Can't resolve '@/components/StudioPortraits'
  4 | import { AnimatedSection } from "@/components/AnimatedSection";
  5 | import { ProjectCard } from "@/components/ProjectCard";
> 6 | import { StudioPortraits } from "@/components/StudioPortraits";
    | ^^^^^^^^^^^^^^^^^^^^^^^^^^^^^^^^^^^^^^^^^^^^^^^^^^^^^^^^^^^^^^^
  7 | import { projects } from "@/data/projects";
  8 | import { deliverables, serviceFamilies } from "@/data/services";
  9 |

Import map: aliased to relative './src/components/StudioPortraits' inside of [project]/

https://nextjs.org/docs/messages/module-not-found @ http://localhost:3000/_next/static/chunks/node_modules_next_dist_1ybzpk2._.js:3318
[  859995ms] [ERROR] ./src/app/about/page.tsx:2:1
Module not found: Can't resolve '@/components/StudioPortraits'
  1 | import { AnimatedSection } from "@/components/AnimatedSection";
> 2 | import { StudioPortraits } from "@/components/StudioPortraits";
    | ^^^^^^^^^^^^^^^^^^^^^^^^^^^^^^^^^^^^^^^^^^^^^^^^^^^^^^^^^^^^^^^
  3 | import Link from "next/link";
  4 |
  5 | export default function AboutPage() {

Import map: aliased to relative './src/components/StudioPortraits' inside of [project]/

https://nextjs.org/docs/messages/module-not-found @ http://localhost:3000/_next/static/chunks/node_modules_next_dist_1ybzpk2._.js:3318
[  860006ms] [ERROR] Failed to load resource: the server responded with a status of 500 (Internal Server Error) @ http://localhost:3000/?_rsc=q3mOO9BClNZHexY7:0
[  860017ms] [LOG] [Fast Refresh] rebuilding @ http://localhost:3000/_next/static/chunks/node_modules_next_dist_1ybzpk2._.js:2477
[  860046ms] [ERROR] ./src/app/page.tsx:6:1
Module not found: Can't resolve '@/components/StudioPortraits'
  4 | import { AnimatedSection } from "@/components/AnimatedSection";
  5 | import { ProjectCard } from "@/components/ProjectCard";
> 6 | import { StudioPortraits } from "@/components/StudioPortraits";
    | ^^^^^^^^^^^^^^^^^^^^^^^^^^^^^^^^^^^^^^^^^^^^^^^^^^^^^^^^^^^^^^^
  7 | import { projects } from "@/data/projects";
  8 | import { deliverables, serviceFamilies } from "@/data/services";
  9 |

Import map: aliased to relative './src/components/StudioPortraits' inside of [project]/

https://nextjs.org/docs/messages/module-not-found @ http://localhost:3000/_next/static/chunks/node_modules_next_dist_1ybzpk2._.js:3318
[  860046ms] [ERROR] ./src/app/about/page.tsx:2:1
Module not found: Can't resolve '@/components/StudioPortraits'
  1 | import { AnimatedSection } from "@/components/AnimatedSection";
> 2 | import { StudioPortraits } from "@/components/StudioPortraits";
    | ^^^^^^^^^^^^^^^^^^^^^^^^^^^^^^^^^^^^^^^^^^^^^^^^^^^^^^^^^^^^^^^
  3 | import Link from "next/link";
  4 |
  5 | export default function AboutPage() {

Import map: aliased to relative './src/components/StudioPortraits' inside of [project]/

https://nextjs.org/docs/messages/module-not-found @ http://localhost:3000/_next/static/chunks/node_modules_next_dist_1ybzpk2._.js:3318
[  860147ms] [LOG] [Fast Refresh] rebuilding @ http://localhost:3000/_next/static/chunks/node_modules_next_dist_1ybzpk2._.js:2477
[  860155ms] [ERROR] ./src/app/page.tsx:6:1
Module not found: Can't resolve '@/components/StudioPortraits'
  4 | import { AnimatedSection } from "@/components/AnimatedSection";
  5 | import { ProjectCard } from "@/components/ProjectCard";
> 6 | import { StudioPortraits } from "@/components/StudioPortraits";
    | ^^^^^^^^^^^^^^^^^^^^^^^^^^^^^^^^^^^^^^^^^^^^^^^^^^^^^^^^^^^^^^^
  7 | import { projects } from "@/data/projects";
  8 | import { deliverables, serviceFamilies } from "@/data/services";
  9 |

Import map: aliased to relative './src/components/StudioPortraits' inside of [project]/

https://nextjs.org/docs/messages/module-not-found @ http://localhost:3000/_next/static/chunks/node_modules_next_dist_1ybzpk2._.js:3318
[  860155ms] [ERROR] ./src/app/about/page.tsx:2:1
Module not found: Can't resolve '@/components/StudioPortraits'
  1 | import { AnimatedSection } from "@/components/AnimatedSection";
> 2 | import { StudioPortraits } from "@/components/StudioPortraits";
    | ^^^^^^^^^^^^^^^^^^^^^^^^^^^^^^^^^^^^^^^^^^^^^^^^^^^^^^^^^^^^^^^
  3 | import Link from "next/link";
  4 |
  5 | export default function AboutPage() {

Import map: aliased to relative './src/components/StudioPortraits' inside of [project]/

https://nextjs.org/docs/messages/module-not-found @ http://localhost:3000/_next/static/chunks/node_modules_next_dist_1ybzpk2._.js:3318
[  860170ms] [ERROR] Failed to load resource: the server responded with a status of 500 (Internal Server Error) @ http://localhost:3000/:0
[  860402ms] [INFO] %cDownload the React DevTools for a better development experience: https://react.dev/link/react-devtools font-weight:bold @ http://localhost:3000/_next/static/chunks/node_modules_react-dom_0kla17-._.js:15305
[  860500ms] Error: ./src/app/page.tsx:6:1
Module not found: Can't resolve '@/components/StudioPortraits'
  4 | import { AnimatedSection } from "@/components/AnimatedSection";
  5 | import { ProjectCard } from "@/components/ProjectCard";
> 6 | import { StudioPortraits } from "@/components/StudioPortraits";
    | ^^^^^^^^^^^^^^^^^^^^^^^^^^^^^^^^^^^^^^^^^^^^^^^^^^^^^^^^^^^^^^^
  7 | import { projects } from "@/data/projects";
  8 | import { deliverables, serviceFamilies } from "@/data/services";
  9 |

Import map: aliased to relative './src/components/StudioPortraits' inside of [project]/


https://nextjs.org/docs/messages/module-not-found


    at <unknown> (Error: ./src/app/page.tsx:6:1)
    at <unknown> (https://nextjs.org/docs/messages/module-not-found)
    at Object.getCompilationErrors (file:///Users/maxvandersterren/3D Designer Portfolio/node_modules/next/dist/server/dev/hot-reloader-turbopack.js:1186:59)
    at DevBundlerService.getCompilationError (file:///Users/maxvandersterren/3D Designer Portfolio/node_modules/next/dist/server/lib/dev-bundler-service.js:44:55)
    at DevServer.getCompilationError (file:///Users/maxvandersterren/3D Designer Portfolio/node_modules/next/dist/server/dev/next-dev-server.js:720:42)
    at DevServer.findPageComponents (file:///Users/maxvandersterren/3D Designer Portfolio/node_modules/next/dist/server/dev/next-dev-server.js:690:43)
    at async DevServer.renderErrorToResponseImpl (file:///Users/maxvandersterren/3D Designer Portfolio/node_modules/next/dist/server/base-server.js:1753:26)
[  860456ms] [LOG] [HMR] connected @ http://localhost:3000/_next/static/chunks/node_modules_next_dist_1gdrd03._.js:1226
[  860493ms] [ERROR] ./src/app/page.tsx:6:1
Module not found: Can't resolve '@/components/StudioPortraits'
  4 | import { AnimatedSection } from "@/components/AnimatedSection";
  5 | import { ProjectCard } from "@/components/ProjectCard";
> 6 | import { StudioPortraits } from "@/components/StudioPortraits";
    | ^^^^^^^^^^^^^^^^^^^^^^^^^^^^^^^^^^^^^^^^^^^^^^^^^^^^^^^^^^^^^^^
  7 | import { projects } from "@/data/projects";
  8 | import { deliverables, serviceFamilies } from "@/data/services";
  9 |

Import map: aliased to relative './src/components/StudioPortraits' inside of [project]/

https://nextjs.org/docs/messages/module-not-found @ http://localhost:3000/_next/static/chunks/node_modules_next_dist_1gdrd03._.js:1945
[  860493ms] [ERROR] ./src/app/about/page.tsx:2:1
Module not found: Can't resolve '@/components/StudioPortraits'
  1 | import { AnimatedSection } from "@/components/AnimatedSection";
> 2 | import { StudioPortraits } from "@/components/StudioPortraits";
    | ^^^^^^^^^^^^^^^^^^^^^^^^^^^^^^^^^^^^^^^^^^^^^^^^^^^^^^^^^^^^^^^
  3 | import Link from "next/link";
  4 |
  5 | export default function AboutPage() {

Import map: aliased to relative './src/components/StudioPortraits' inside of [project]/

https://nextjs.org/docs/messages/module-not-found @ http://localhost:3000/_next/static/chunks/node_modules_next_dist_1gdrd03._.js:1945
[  860580ms] [LOG] [Fast Refresh] rebuilding @ http://localhost:3000/_next/static/chunks/node_modules_next_dist_1gdrd03._.js:1226
[  860626ms] [ERROR] ./src/app/page.tsx:6:1
Module not found: Can't resolve '@/components/StudioPortraits'
  4 | import { AnimatedSection } from "@/components/AnimatedSection";
  5 | import { ProjectCard } from "@/components/ProjectCard";
> 6 | import { StudioPortraits } from "@/components/StudioPortraits";
    | ^^^^^^^^^^^^^^^^^^^^^^^^^^^^^^^^^^^^^^^^^^^^^^^^^^^^^^^^^^^^^^^
  7 | import { projects } from "@/data/projects";
  8 | import { deliverables, serviceFamilies } from "@/data/services";
  9 |

Import map: aliased to relative './src/components/StudioPortraits' inside of [project]/

https://nextjs.org/docs/messages/module-not-found @ http://localhost:3000/_next/static/chunks/node_modules_next_dist_1gdrd03._.js:1945
[  860626ms] [ERROR] ./src/app/about/page.tsx:2:1
Module not found: Can't resolve '@/components/StudioPortraits'
  1 | import { AnimatedSection } from "@/components/AnimatedSection";
> 2 | import { StudioPortraits } from "@/components/StudioPortraits";
    | ^^^^^^^^^^^^^^^^^^^^^^^^^^^^^^^^^^^^^^^^^^^^^^^^^^^^^^^^^^^^^^^
  3 | import Link from "next/link";
  4 |
  5 | export default function AboutPage() {

Import map: aliased to relative './src/components/StudioPortraits' inside of [project]/

https://nextjs.org/docs/messages/module-not-found @ http://localhost:3000/_next/static/chunks/node_modules_next_dist_1gdrd03._.js:1945
[  884375ms] [LOG] [Fast Refresh] rebuilding @ http://localhost:3000/_next/static/chunks/node_modules_next_dist_1gdrd03._.js:1226
[  884991ms] [LOG] [Fast Refresh] done in 275ms @ http://localhost:3000/_next/static/chunks/node_modules_next_dist_1gdrd03._.js:1226
[  886084ms] [LOG] [Fast Refresh] rebuilding @ http://localhost:3000/_next/static/chunks/node_modules_next_dist_1gdrd03._.js:1226
[  886089ms] [LOG] [Fast Refresh] done in 106ms @ http://localhost:3000/_next/static/chunks/node_modules_next_dist_1gdrd03._.js:1226
[  886425ms] [INFO] %cDownload the React DevTools for a better development experience: https://react.dev/link/react-devtools font-weight:bold @ http://localhost:3000/_next/static/chunks/node_modules_next_dist_1ybzpk2._.js:2477
[  886510ms] [LOG] [HMR] connected @ http://localhost:3000/_next/static/chunks/node_modules_next_dist_1ybzpk2._.js:2477
[  886712ms] [WARNING] Image with src "/project-espresso-v2.png" has "fill" but is missing "sizes" prop. Please add it to improve page performance. Read more: https://nextjs.org/docs/api-reference/next/image#sizes @ http://localhost:3000/_next/static/chunks/node_modules_next_dist_1ybzpk2._.js:2477
[  886712ms] [LOG] [Fast Refresh] rebuilding @ http://localhost:3000/_next/static/chunks/node_modules_next_dist_1ybzpk2._.js:2477
[  886723ms] [WARNING] Image with src "/project-forma-chair-v2.png" has "fill" but is missing "sizes" prop. Please add it to improve page performance. Read more: https://nextjs.org/docs/api-reference/next/image#sizes @ http://localhost:3000/_next/static/chunks/node_modules_next_dist_1ybzpk2._.js:2477
[  886727ms] [LOG] [Fast Refresh] done in 116ms @ http://localhost:3000/_next/static/chunks/node_modules_next_dist_1ybzpk2._.js:2477
[  886735ms] [WARNING] Image with src "/project-linea-kitchen-v2.png" has "fill" but is missing "sizes" prop. Please add it to improve page performance. Read more: https://nextjs.org/docs/api-reference/next/image#sizes @ http://localhost:3000/_next/static/chunks/node_modules_next_dist_1ybzpk2._.js:2477
[  898595ms] [LOG] [Fast Refresh] rebuilding @ http://localhost:3000/_next/static/chunks/node_modules_next_dist_1ybzpk2._.js:2477
[  898783ms] [LOG] [Fast Refresh] done in 106ms @ http://localhost:3000/_next/static/chunks/node_modules_next_dist_1ybzpk2._.js:2477
[  911718ms] [LOG] [Fast Refresh] rebuilding @ http://localhost:3000/_next/static/chunks/node_modules_next_dist_1ybzpk2._.js:2477
[  911796ms] [LOG] [Fast Refresh] done in 46ms @ http://localhost:3000/_next/static/chunks/node_modules_next_dist_1ybzpk2._.js:2477
