[     193ms] [INFO] %cDownload the React DevTools for a better development experience: https://react.dev/link/react-devtools font-weight:bold @ http://localhost:3000/_next/static/chunks/node_modules_next_dist_1ybzpk2._.js:2477
[     205ms] [LOG] [HMR] connected @ http://localhost:3000/_next/static/chunks/node_modules_next_dist_1ybzpk2._.js:2477
[   46956ms] [LOG] [Fast Refresh] rebuilding @ http://localhost:3000/_next/static/chunks/node_modules_next_dist_1ybzpk2._.js:2477
[   46958ms] [LOG] [Fast Refresh] done in 104ms @ http://localhost:3000/_next/static/chunks/node_modules_next_dist_1ybzpk2._.js:2477
[  212492ms] [LOG] [Fast Refresh] rebuilding @ http://localhost:3000/_next/static/chunks/node_modules_next_dist_1ybzpk2._.js:2477
[  212521ms] [LOG] [Fast Refresh] done in 54ms @ http://localhost:3000/_next/static/chunks/node_modules_next_dist_1ybzpk2._.js:2477
[  241890ms] [LOG] [Fast Refresh] rebuilding @ http://localhost:3000/_next/static/chunks/node_modules_next_dist_1ybzpk2._.js:2477
[  241953ms] [LOG] [Fast Refresh] done in 27ms @ http://localhost:3000/_next/static/chunks/node_modules_next_dist_1ybzpk2._.js:2477
[  267021ms] [LOG] [Fast Refresh] rebuilding @ http://localhost:3000/_next/static/chunks/node_modules_next_dist_1ybzpk2._.js:2477
[  267073ms] [LOG] [Fast Refresh] done in 47ms @ http://localhost:3000/_next/static/chunks/node_modules_next_dist_1ybzpk2._.js:2477
[  301194ms] [LOG] [Fast Refresh] rebuilding @ http://localhost:3000/_next/static/chunks/node_modules_next_dist_1ybzpk2._.js:2477
[  301454ms] [LOG] [Fast Refresh] done in 217ms @ http://localhost:3000/_next/static/chunks/node_modules_next_dist_1ybzpk2._.js:2477
[  301633ms] [LOG] [Fast Refresh] rebuilding @ http://localhost:3000/_next/static/chunks/node_modules_next_dist_1ybzpk2._.js:2477
[  301644ms] [LOG] [Fast Refresh] done in 112ms @ http://localhost:3000/_next/static/chunks/node_modules_next_dist_1ybzpk2._.js:2477
[  357258ms] [LOG] [Fast Refresh] rebuilding @ http://localhost:3000/_next/static/chunks/node_modules_next_dist_1ybzpk2._.js:2477
[  357328ms] [LOG] [Fast Refresh] done in 125ms @ http://localhost:3000/_next/static/chunks/node_modules_next_dist_1ybzpk2._.js:2477
[  372175ms] [LOG] [Fast Refresh] rebuilding @ http://localhost:3000/_next/static/chunks/node_modules_next_dist_1ybzpk2._.js:2477
[  372407ms] [ERROR] ./src/app/services/page.tsx:5:1
Module not found: Can't resolve '@/components/ScrollServiceStory'
  3 | import { AnimatedSection } from "@/components/AnimatedSection";
  4 | import { MotionDeliverableStrip } from "@/components/MotionDeliverableS...
> 5 | import { ScrollServiceStory } from "@/components/ScrollServiceStory";
    | ^^^^^^^^^^^^^^^^^^^^^^^^^^^^^^^^^^^^^^^^^^^^^^^^^^^^^^^^^^^^^^^^^^^^^
  6 | import { ServiceEstimator } from "@/components/ServiceEstimator";
  7 | import { StudioPortraits } from "@/components/StudioPortraits";
  8 | import { deliverables, faqs, processSteps } from "@/data/services";

Import map: aliased to relative './src/components/ScrollServiceStory' inside of [project]/

https://nextjs.org/docs/messages/module-not-found @ http://localhost:3000/_next/static/chunks/node_modules_next_dist_1ybzpk2._.js:3318
[  372541ms] [LOG] [Fast Refresh] rebuilding @ http://localhost:3000/_next/static/chunks/node_modules_next_dist_1ybzpk2._.js:2477
[  373221ms] [ERROR] ./src/app/services/page.tsx:5:1
Module not found: Can't resolve '@/components/ScrollServiceStory'
  3 | import { AnimatedSection } from "@/components/AnimatedSection";
  4 | import { MotionDeliverableStrip } from "@/components/MotionDeliverableS...
> 5 | import { ScrollServiceStory } from "@/components/ScrollServiceStory";
    | ^^^^^^^^^^^^^^^^^^^^^^^^^^^^^^^^^^^^^^^^^^^^^^^^^^^^^^^^^^^^^^^^^^^^^
  6 | import { ServiceEstimator } from "@/components/ServiceEstimator";
  7 | import { StudioPortraits } from "@/components/StudioPortraits";
  8 | import { deliverables, faqs, processSteps } from "@/data/services";

Import map: aliased to relative './src/components/ScrollServiceStory' inside of [project]/

https://nextjs.org/docs/messages/module-not-found @ http://localhost:3000/_next/static/chunks/node_modules_next_dist_1ybzpk2._.js:3318
[  373275ms] [ERROR] ./src/app/services/page.tsx:5:1
Module not found: Can't resolve '@/components/ScrollServiceStory'
  3 | import { AnimatedSection } from "@/components/AnimatedSection";
  4 | import { MotionDeliverableStrip } from "@/components/MotionDeliverableS...
> 5 | import { ScrollServiceStory } from "@/components/ScrollServiceStory";
    | ^^^^^^^^^^^^^^^^^^^^^^^^^^^^^^^^^^^^^^^^^^^^^^^^^^^^^^^^^^^^^^^^^^^^^
  6 | import { ServiceEstimator } from "@/components/ServiceEstimator";
  7 | import { StudioPortraits } from "@/components/StudioPortraits";
  8 | import { deliverables, faqs, processSteps } from "@/data/services";

Import map: aliased to relative './src/components/ScrollServiceStory' inside of [project]/

https://nextjs.org/docs/messages/module-not-found @ http://localhost:3000/_next/static/chunks/node_modules_next_dist_1ybzpk2._.js:3318
[  373376ms] [LOG] [Fast Refresh] rebuilding @ http://localhost:3000/_next/static/chunks/node_modules_next_dist_1ybzpk2._.js:2477
[  373730ms] [ERROR] ./src/app/services/page.tsx:5:1
Module not found: Can't resolve '@/components/ScrollServiceStory'
  3 | import { AnimatedSection } from "@/components/AnimatedSection";
  4 | import { MotionDeliverableStrip } from "@/components/MotionDeliverableS...
> 5 | import { ScrollServiceStory } from "@/components/ScrollServiceStory";
    | ^^^^^^^^^^^^^^^^^^^^^^^^^^^^^^^^^^^^^^^^^^^^^^^^^^^^^^^^^^^^^^^^^^^^^
  6 | import { ServiceEstimator } from "@/components/ServiceEstimator";
  7 | import { StudioPortraits } from "@/components/StudioPortraits";
  8 | import { deliverables, faqs, processSteps } from "@/data/services";

Import map: aliased to relative './src/components/ScrollServiceStory' inside of [project]/

https://nextjs.org/docs/messages/module-not-found @ http://localhost:3000/_next/static/chunks/node_modules_next_dist_1ybzpk2._.js:3318
[  373741ms] [ERROR] Failed to load resource: the server responded with a status of 500 (Internal Server Error) @ http://localhost:3000/about?team=1&_rsc=0cBo8hW1iFhb8APR:0
[  373866ms] [LOG] [Fast Refresh] rebuilding @ http://localhost:3000/_next/static/chunks/node_modules_next_dist_1ybzpk2._.js:2477
[  373895ms] [ERROR] ./src/app/services/page.tsx:5:1
Module not found: Can't resolve '@/components/ScrollServiceStory'
  3 | import { AnimatedSection } from "@/components/AnimatedSection";
  4 | import { MotionDeliverableStrip } from "@/components/MotionDeliverableS...
> 5 | import { ScrollServiceStory } from "@/components/ScrollServiceStory";
    | ^^^^^^^^^^^^^^^^^^^^^^^^^^^^^^^^^^^^^^^^^^^^^^^^^^^^^^^^^^^^^^^^^^^^^
  6 | import { ServiceEstimator } from "@/components/ServiceEstimator";
  7 | import { StudioPortraits } from "@/components/StudioPortraits";
  8 | import { deliverables, faqs, processSteps } from "@/data/services";

Import map: aliased to relative './src/components/ScrollServiceStory' inside of [project]/

https://nextjs.org/docs/messages/module-not-found @ http://localhost:3000/_next/static/chunks/node_modules_next_dist_1ybzpk2._.js:3318
[  373901ms] [ERROR] Failed to load resource: the server responded with a status of 500 (Internal Server Error) @ http://localhost:3000/about?team=1&_rsc=0cBo8hW1iFhb8APR:0
[  373946ms] [ERROR] Failed to load resource: the server responded with a status of 500 (Internal Server Error) @ http://localhost:3000/about?team=1:0
[  374111ms] [INFO] %cDownload the React DevTools for a better development experience: https://react.dev/link/react-devtools font-weight:bold @ http://localhost:3000/_next/static/chunks/node_modules_react-dom_0kla17-._.js:15305
[  374165ms] Error: ./src/app/services/page.tsx:5:1
Module not found: Can't resolve '@/components/ScrollServiceStory'
  3 | import { AnimatedSection } from "@/components/AnimatedSection";
  4 | import { MotionDeliverableStrip } from "@/components/MotionDeliverableS...
> 5 | import { ScrollServiceStory } from "@/components/ScrollServiceStory";
    | ^^^^^^^^^^^^^^^^^^^^^^^^^^^^^^^^^^^^^^^^^^^^^^^^^^^^^^^^^^^^^^^^^^^^^
  6 | import { ServiceEstimator } from "@/components/ServiceEstimator";
  7 | import { StudioPortraits } from "@/components/StudioPortraits";
  8 | import { deliverables, faqs, processSteps } from "@/data/services";

Import map: aliased to relative './src/components/ScrollServiceStory' inside of [project]/


https://nextjs.org/docs/messages/module-not-found


    at <unknown> (Error: ./src/app/services/page.tsx:5:1)
    at <unknown> (https://nextjs.org/docs/messages/module-not-found)
    at Object.getCompilationErrors (file:///Users/maxvandersterren/3D Designer Portfolio/node_modules/next/dist/server/dev/hot-reloader-turbopack.js:1186:59)
    at DevBundlerService.getCompilationError (file:///Users/maxvandersterren/3D Designer Portfolio/node_modules/next/dist/server/lib/dev-bundler-service.js:44:55)
    at DevServer.getCompilationError (file:///Users/maxvandersterren/3D Designer Portfolio/node_modules/next/dist/server/dev/next-dev-server.js:720:42)
    at DevServer.findPageComponents (file:///Users/maxvandersterren/3D Designer Portfolio/node_modules/next/dist/server/dev/next-dev-server.js:690:43)
    at async DevServer.renderErrorToResponseImpl (file:///Users/maxvandersterren/3D Designer Portfolio/node_modules/next/dist/server/base-server.js:1753:26)
[  374181ms] [LOG] [HMR] connected @ http://localhost:3000/_next/static/chunks/node_modules_next_dist_1gdrd03._.js:1226
[  374207ms] [ERROR] ./src/app/services/page.tsx:5:1
Module not found: Can't resolve '@/components/ScrollServiceStory'
  3 | import { AnimatedSection } from "@/components/AnimatedSection";
  4 | import { MotionDeliverableStrip } from "@/components/MotionDeliverableS...
> 5 | import { ScrollServiceStory } from "@/components/ScrollServiceStory";
    | ^^^^^^^^^^^^^^^^^^^^^^^^^^^^^^^^^^^^^^^^^^^^^^^^^^^^^^^^^^^^^^^^^^^^^
  6 | import { ServiceEstimator } from "@/components/ServiceEstimator";
  7 | import { StudioPortraits } from "@/components/StudioPortraits";
  8 | import { deliverables, faqs, processSteps } from "@/data/services";

Import map: aliased to relative './src/components/ScrollServiceStory' inside of [project]/

https://nextjs.org/docs/messages/module-not-found @ http://localhost:3000/_next/static/chunks/node_modules_next_dist_1gdrd03._.js:1945
[  374249ms] [ERROR] ./src/app/services/page.tsx:5:1
Module not found: Can't resolve '@/components/ScrollServiceStory'
  3 | import { AnimatedSection } from "@/components/AnimatedSection";
  4 | import { MotionDeliverableStrip } from "@/components/MotionDeliverableS...
> 5 | import { ScrollServiceStory } from "@/components/ScrollServiceStory";
    | ^^^^^^^^^^^^^^^^^^^^^^^^^^^^^^^^^^^^^^^^^^^^^^^^^^^^^^^^^^^^^^^^^^^^^
  6 | import { ServiceEstimator } from "@/components/ServiceEstimator";
  7 | import { StudioPortraits } from "@/components/StudioPortraits";
  8 | import { deliverables, faqs, processSteps } from "@/data/services";

Import map: aliased to relative './src/components/ScrollServiceStory' inside of [project]/

https://nextjs.org/docs/messages/module-not-found @ http://localhost:3000/_next/static/chunks/node_modules_next_dist_1gdrd03._.js:1945
[  374296ms] [ERROR] ./src/app/services/page.tsx:5:1
Module not found: Can't resolve '@/components/ScrollServiceStory'
  3 | import { AnimatedSection } from "@/components/AnimatedSection";
  4 | import { MotionDeliverableStrip } from "@/components/MotionDeliverableS...
> 5 | import { ScrollServiceStory } from "@/components/ScrollServiceStory";
    | ^^^^^^^^^^^^^^^^^^^^^^^^^^^^^^^^^^^^^^^^^^^^^^^^^^^^^^^^^^^^^^^^^^^^^
  6 | import { ServiceEstimator } from "@/components/ServiceEstimator";
  7 | import { StudioPortraits } from "@/components/StudioPortraits";
  8 | import { deliverables, faqs, processSteps } from "@/data/services";

Import map: aliased to relative './src/components/ScrollServiceStory' inside of [project]/

https://nextjs.org/docs/messages/module-not-found @ http://localhost:3000/_next/static/chunks/node_modules_next_dist_1gdrd03._.js:1945
[  374351ms] [LOG] [Fast Refresh] rebuilding @ http://localhost:3000/_next/static/chunks/node_modules_next_dist_1gdrd03._.js:1226
[  374471ms] [ERROR] ./src/app/services/page.tsx:5:1
Module not found: Can't resolve '@/components/ScrollServiceStory'
  3 | import { AnimatedSection } from "@/components/AnimatedSection";
  4 | import { MotionDeliverableStrip } from "@/components/MotionDeliverableS...
> 5 | import { ScrollServiceStory } from "@/components/ScrollServiceStory";
    | ^^^^^^^^^^^^^^^^^^^^^^^^^^^^^^^^^^^^^^^^^^^^^^^^^^^^^^^^^^^^^^^^^^^^^
  6 | import { ServiceEstimator } from "@/components/ServiceEstimator";
  7 | import { StudioPortraits } from "@/components/StudioPortraits";
  8 | import { deliverables, faqs, processSteps } from "@/data/services";

Import map: aliased to relative './src/components/ScrollServiceStory' inside of [project]/

https://nextjs.org/docs/messages/module-not-found @ http://localhost:3000/_next/static/chunks/node_modules_next_dist_1gdrd03._.js:1945
[  374513ms] [ERROR] ./src/app/services/page.tsx:5:1
Module not found: Can't resolve '@/components/ScrollServiceStory'
  3 | import { AnimatedSection } from "@/components/AnimatedSection";
  4 | import { MotionDeliverableStrip } from "@/components/MotionDeliverableS...
> 5 | import { ScrollServiceStory } from "@/components/ScrollServiceStory";
    | ^^^^^^^^^^^^^^^^^^^^^^^^^^^^^^^^^^^^^^^^^^^^^^^^^^^^^^^^^^^^^^^^^^^^^
  6 | import { ServiceEstimator } from "@/components/ServiceEstimator";
  7 | import { StudioPortraits } from "@/components/StudioPortraits";
  8 | import { deliverables, faqs, processSteps } from "@/data/services";

Import map: aliased to relative './src/components/ScrollServiceStory' inside of [project]/

https://nextjs.org/docs/messages/module-not-found @ http://localhost:3000/_next/static/chunks/node_modules_next_dist_1gdrd03._.js:1945
[  374577ms] [LOG] [Fast Refresh] rebuilding @ http://localhost:3000/_next/static/chunks/node_modules_next_dist_1gdrd03._.js:1226
