[      60ms] [ERROR] Failed to load resource: the server responded with a status of 500 (Internal Server Error) @ http://localhost:3000/:0
[     127ms] [INFO] %cDownload the React DevTools for a better development experience: https://react.dev/link/react-devtools font-weight:bold @ http://localhost:3000/_next/static/chunks/node_modules_react-dom_0kla17-._.js:15305
[     171ms] Error: ./src/app/layout.tsx:4:1
Module not found: Can't resolve '@/components/Navbar'
  2 | import { Inter } from "next/font/google";
  3 | import "./globals.css";
> 4 | import { Navbar } from "@/components/Navbar";
    | ^^^^^^^^^^^^^^^^^^^^^^^^^^^^^^^^^^^^^^^^^^^^^
  5 | import { Footer } from "@/components/Footer";
  6 | import { StudioChat } from "@/components/StudioChat";
  7 |

Import map: aliased to relative './src/components/Navbar' inside of [project]/


https://nextjs.org/docs/messages/module-not-found


    at <unknown> (Error: ./src/app/layout.tsx:4:1)
    at <unknown> (https://nextjs.org/docs/messages/module-not-found)
    at Object.getCompilationErrors (file:///Users/maxvandersterren/3D Designer Portfolio/node_modules/next/dist/server/dev/hot-reloader-turbopack.js:1186:59)
    at DevBundlerService.getCompilationError (file:///Users/maxvandersterren/3D Designer Portfolio/node_modules/next/dist/server/lib/dev-bundler-service.js:44:55)
    at DevServer.getCompilationError (file:///Users/maxvandersterren/3D Designer Portfolio/node_modules/next/dist/server/dev/next-dev-server.js:720:42)
    at DevServer.findPageComponents (file:///Users/maxvandersterren/3D Designer Portfolio/node_modules/next/dist/server/dev/next-dev-server.js:690:43)
    at async DevServer.renderErrorToResponseImpl (file:///Users/maxvandersterren/3D Designer Portfolio/node_modules/next/dist/server/base-server.js:1753:26)
[     164ms] [LOG] [HMR] connected @ http://localhost:3000/_next/static/chunks/node_modules_next_dist_1gdrd03._.js:1226
[     167ms] [ERROR] ./src/app/layout.tsx:4:1
Module not found: Can't resolve '@/components/Navbar'
  2 | import { Inter } from "next/font/google";
  3 | import "./globals.css";
> 4 | import { Navbar } from "@/components/Navbar";
    | ^^^^^^^^^^^^^^^^^^^^^^^^^^^^^^^^^^^^^^^^^^^^^
  5 | import { Footer } from "@/components/Footer";
  6 | import { StudioChat } from "@/components/StudioChat";
  7 |

Import map: aliased to relative './src/components/Navbar' inside of [project]/

https://nextjs.org/docs/messages/module-not-found @ http://localhost:3000/_next/static/chunks/node_modules_next_dist_1gdrd03._.js:1945
[     167ms] [ERROR] ./src/app/layout.tsx:4:1
Module not found: Can't resolve '@/components/Navbar'
  2 | import { Inter } from "next/font/google";
  3 | import "./globals.css";
> 4 | import { Navbar } from "@/components/Navbar";
    | ^^^^^^^^^^^^^^^^^^^^^^^^^^^^^^^^^^^^^^^^^^^^^
  5 | import { Footer } from "@/components/Footer";
  6 | import { StudioChat } from "@/components/StudioChat";
  7 |

Import map: aliased to relative './src/components/Navbar' inside of [project]/

https://nextjs.org/docs/messages/module-not-found @ http://localhost:3000/_next/static/chunks/node_modules_next_dist_1gdrd03._.js:1945
[     167ms] [ERROR] ./src/app/layout.tsx:4:1
Module not found: Can't resolve '@/components/Navbar'
  2 | import { Inter } from "next/font/google";
  3 | import "./globals.css";
> 4 | import { Navbar } from "@/components/Navbar";
    | ^^^^^^^^^^^^^^^^^^^^^^^^^^^^^^^^^^^^^^^^^^^^^
  5 | import { Footer } from "@/components/Footer";
  6 | import { StudioChat } from "@/components/StudioChat";
  7 |

Import map: aliased to relative './src/components/Navbar' inside of [project]/

https://nextjs.org/docs/messages/module-not-found @ http://localhost:3000/_next/static/chunks/node_modules_next_dist_1gdrd03._.js:1945
[     167ms] [ERROR] ./src/app/layout.tsx:4:1
Module not found: Can't resolve '@/components/Navbar'
  2 | import { Inter } from "next/font/google";
  3 | import "./globals.css";
> 4 | import { Navbar } from "@/components/Navbar";
    | ^^^^^^^^^^^^^^^^^^^^^^^^^^^^^^^^^^^^^^^^^^^^^
  5 | import { Footer } from "@/components/Footer";
  6 | import { StudioChat } from "@/components/StudioChat";
  7 |

Import map: aliased to relative './src/components/Navbar' inside of [project]/

https://nextjs.org/docs/messages/module-not-found @ http://localhost:3000/_next/static/chunks/node_modules_next_dist_1gdrd03._.js:1945
[     167ms] [ERROR] ./src/app/layout.tsx:4:1
Module not found: Can't resolve '@/components/Navbar'
  2 | import { Inter } from "next/font/google";
  3 | import "./globals.css";
> 4 | import { Navbar } from "@/components/Navbar";
    | ^^^^^^^^^^^^^^^^^^^^^^^^^^^^^^^^^^^^^^^^^^^^^
  5 | import { Footer } from "@/components/Footer";
  6 | import { StudioChat } from "@/components/StudioChat";
  7 |

Import map: aliased to relative './src/components/Navbar' inside of [project]/

https://nextjs.org/docs/messages/module-not-found @ http://localhost:3000/_next/static/chunks/node_modules_next_dist_1gdrd03._.js:1945
[     167ms] [ERROR] ./src/app/layout.tsx:4:1
Module not found: Can't resolve '@/components/Navbar'
  2 | import { Inter } from "next/font/google";
  3 | import "./globals.css";
> 4 | import { Navbar } from "@/components/Navbar";
    | ^^^^^^^^^^^^^^^^^^^^^^^^^^^^^^^^^^^^^^^^^^^^^
  5 | import { Footer } from "@/components/Footer";
  6 | import { StudioChat } from "@/components/StudioChat";
  7 |

Import map: aliased to relative './src/components/Navbar' inside of [project]/

https://nextjs.org/docs/messages/module-not-found @ http://localhost:3000/_next/static/chunks/node_modules_next_dist_1gdrd03._.js:1945
[     227ms] [ERROR] ./src/app/layout.tsx:4:1
Module not found: Can't resolve '@/components/Navbar'
  2 | import { Inter } from "next/font/google";
  3 | import "./globals.css";
> 4 | import { Navbar } from "@/components/Navbar";
    | ^^^^^^^^^^^^^^^^^^^^^^^^^^^^^^^^^^^^^^^^^^^^^
  5 | import { Footer } from "@/components/Footer";
  6 | import { StudioChat } from "@/components/StudioChat";
  7 |

Import map: aliased to relative './src/components/Navbar' inside of [project]/

https://nextjs.org/docs/messages/module-not-found @ http://localhost:3000/_next/static/chunks/node_modules_next_dist_1gdrd03._.js:1945
[     279ms] [ERROR] ./src/app/layout.tsx:4:1
Module not found: Can't resolve '@/components/Navbar'
  2 | import { Inter } from "next/font/google";
  3 | import "./globals.css";
> 4 | import { Navbar } from "@/components/Navbar";
    | ^^^^^^^^^^^^^^^^^^^^^^^^^^^^^^^^^^^^^^^^^^^^^
  5 | import { Footer } from "@/components/Footer";
  6 | import { StudioChat } from "@/components/StudioChat";
  7 |

Import map: aliased to relative './src/components/Navbar' inside of [project]/

https://nextjs.org/docs/messages/module-not-found @ http://localhost:3000/_next/static/chunks/node_modules_next_dist_1gdrd03._.js:1945
[     380ms] [LOG] [Fast Refresh] rebuilding @ http://localhost:3000/_next/static/chunks/node_modules_next_dist_1gdrd03._.js:1226
[     424ms] [ERROR] ./src/app/layout.tsx:4:1
Module not found: Can't resolve '@/components/Navbar'
  2 | import { Inter } from "next/font/google";
  3 | import "./globals.css";
> 4 | import { Navbar } from "@/components/Navbar";
    | ^^^^^^^^^^^^^^^^^^^^^^^^^^^^^^^^^^^^^^^^^^^^^
  5 | import { Footer } from "@/components/Footer";
  6 | import { StudioChat } from "@/components/StudioChat";
  7 |

Import map: aliased to relative './src/components/Navbar' inside of [project]/

https://nextjs.org/docs/messages/module-not-found @ http://localhost:3000/_next/static/chunks/node_modules_next_dist_1gdrd03._.js:1945
[     473ms] [ERROR] ./src/app/layout.tsx:4:1
Module not found: Can't resolve '@/components/Navbar'
  2 | import { Inter } from "next/font/google";
  3 | import "./globals.css";
> 4 | import { Navbar } from "@/components/Navbar";
    | ^^^^^^^^^^^^^^^^^^^^^^^^^^^^^^^^^^^^^^^^^^^^^
  5 | import { Footer } from "@/components/Footer";
  6 | import { StudioChat } from "@/components/StudioChat";
  7 |

Import map: aliased to relative './src/components/Navbar' inside of [project]/

https://nextjs.org/docs/messages/module-not-found @ http://localhost:3000/_next/static/chunks/node_modules_next_dist_1gdrd03._.js:1945
[     515ms] [ERROR] ./src/app/layout.tsx:4:1
Module not found: Can't resolve '@/components/Navbar'
  2 | import { Inter } from "next/font/google";
  3 | import "./globals.css";
> 4 | import { Navbar } from "@/components/Navbar";
    | ^^^^^^^^^^^^^^^^^^^^^^^^^^^^^^^^^^^^^^^^^^^^^
  5 | import { Footer } from "@/components/Footer";
  6 | import { StudioChat } from "@/components/StudioChat";
  7 |

Import map: aliased to relative './src/components/Navbar' inside of [project]/

https://nextjs.org/docs/messages/module-not-found @ http://localhost:3000/_next/static/chunks/node_modules_next_dist_1gdrd03._.js:1945
[     559ms] [ERROR] ./src/app/layout.tsx:4:1
Module not found: Can't resolve '@/components/Navbar'
  2 | import { Inter } from "next/font/google";
  3 | import "./globals.css";
> 4 | import { Navbar } from "@/components/Navbar";
    | ^^^^^^^^^^^^^^^^^^^^^^^^^^^^^^^^^^^^^^^^^^^^^
  5 | import { Footer } from "@/components/Footer";
  6 | import { StudioChat } from "@/components/StudioChat";
  7 |

Import map: aliased to relative './src/components/Navbar' inside of [project]/

https://nextjs.org/docs/messages/module-not-found @ http://localhost:3000/_next/static/chunks/node_modules_next_dist_1gdrd03._.js:1945
[     618ms] [ERROR] ./src/app/layout.tsx:4:1
Module not found: Can't resolve '@/components/Navbar'
  2 | import { Inter } from "next/font/google";
  3 | import "./globals.css";
> 4 | import { Navbar } from "@/components/Navbar";
    | ^^^^^^^^^^^^^^^^^^^^^^^^^^^^^^^^^^^^^^^^^^^^^
  5 | import { Footer } from "@/components/Footer";
  6 | import { StudioChat } from "@/components/StudioChat";
  7 |

Import map: aliased to relative './src/components/Navbar' inside of [project]/

https://nextjs.org/docs/messages/module-not-found @ http://localhost:3000/_next/static/chunks/node_modules_next_dist_1gdrd03._.js:1945
[     672ms] [ERROR] ./src/app/layout.tsx:4:1
Module not found: Can't resolve '@/components/Navbar'
  2 | import { Inter } from "next/font/google";
  3 | import "./globals.css";
> 4 | import { Navbar } from "@/components/Navbar";
    | ^^^^^^^^^^^^^^^^^^^^^^^^^^^^^^^^^^^^^^^^^^^^^
  5 | import { Footer } from "@/components/Footer";
  6 | import { StudioChat } from "@/components/StudioChat";
  7 |

Import map: aliased to relative './src/components/Navbar' inside of [project]/

https://nextjs.org/docs/messages/module-not-found @ http://localhost:3000/_next/static/chunks/node_modules_next_dist_1gdrd03._.js:1945
[     727ms] [ERROR] ./src/app/layout.tsx:4:1
Module not found: Can't resolve '@/components/Navbar'
  2 | import { Inter } from "next/font/google";
  3 | import "./globals.css";
> 4 | import { Navbar } from "@/components/Navbar";
    | ^^^^^^^^^^^^^^^^^^^^^^^^^^^^^^^^^^^^^^^^^^^^^
  5 | import { Footer } from "@/components/Footer";
  6 | import { StudioChat } from "@/components/StudioChat";
  7 |

Import map: aliased to relative './src/components/Navbar' inside of [project]/

https://nextjs.org/docs/messages/module-not-found @ http://localhost:3000/_next/static/chunks/node_modules_next_dist_1gdrd03._.js:1945
[     784ms] [ERROR] ./src/app/layout.tsx:4:1
Module not found: Can't resolve '@/components/Navbar'
  2 | import { Inter } from "next/font/google";
  3 | import "./globals.css";
> 4 | import { Navbar } from "@/components/Navbar";
    | ^^^^^^^^^^^^^^^^^^^^^^^^^^^^^^^^^^^^^^^^^^^^^
  5 | import { Footer } from "@/components/Footer";
  6 | import { StudioChat } from "@/components/StudioChat";
  7 |

Import map: aliased to relative './src/components/Navbar' inside of [project]/

https://nextjs.org/docs/messages/module-not-found @ http://localhost:3000/_next/static/chunks/node_modules_next_dist_1gdrd03._.js:1945
[     838ms] [ERROR] ./src/app/layout.tsx:4:1
Module not found: Can't resolve '@/components/Navbar'
  2 | import { Inter } from "next/font/google";
  3 | import "./globals.css";
> 4 | import { Navbar } from "@/components/Navbar";
    | ^^^^^^^^^^^^^^^^^^^^^^^^^^^^^^^^^^^^^^^^^^^^^
  5 | import { Footer } from "@/components/Footer";
  6 | import { StudioChat } from "@/components/StudioChat";
  7 |

Import map: aliased to relative './src/components/Navbar' inside of [project]/

https://nextjs.org/docs/messages/module-not-found @ http://localhost:3000/_next/static/chunks/node_modules_next_dist_1gdrd03._.js:1945
[     881ms] [ERROR] ./src/app/layout.tsx:4:1
Module not found: Can't resolve '@/components/Navbar'
  2 | import { Inter } from "next/font/google";
  3 | import "./globals.css";
> 4 | import { Navbar } from "@/components/Navbar";
    | ^^^^^^^^^^^^^^^^^^^^^^^^^^^^^^^^^^^^^^^^^^^^^
  5 | import { Footer } from "@/components/Footer";
  6 | import { StudioChat } from "@/components/StudioChat";
  7 |

Import map: aliased to relative './src/components/Navbar' inside of [project]/

https://nextjs.org/docs/messages/module-not-found @ http://localhost:3000/_next/static/chunks/node_modules_next_dist_1gdrd03._.js:1945
[     925ms] [ERROR] ./src/app/layout.tsx:4:1
Module not found: Can't resolve '@/components/Navbar'
  2 | import { Inter } from "next/font/google";
  3 | import "./globals.css";
> 4 | import { Navbar } from "@/components/Navbar";
    | ^^^^^^^^^^^^^^^^^^^^^^^^^^^^^^^^^^^^^^^^^^^^^
  5 | import { Footer } from "@/components/Footer";
  6 | import { StudioChat } from "@/components/StudioChat";
  7 |

Import map: aliased to relative './src/components/Navbar' inside of [project]/

https://nextjs.org/docs/messages/module-not-found @ http://localhost:3000/_next/static/chunks/node_modules_next_dist_1gdrd03._.js:1945
[     974ms] [ERROR] ./src/app/layout.tsx:4:1
Module not found: Can't resolve '@/components/Navbar'
  2 | import { Inter } from "next/font/google";
  3 | import "./globals.css";
> 4 | import { Navbar } from "@/components/Navbar";
    | ^^^^^^^^^^^^^^^^^^^^^^^^^^^^^^^^^^^^^^^^^^^^^
  5 | import { Footer } from "@/components/Footer";
  6 | import { StudioChat } from "@/components/StudioChat";
  7 |

Import map: aliased to relative './src/components/Navbar' inside of [project]/

https://nextjs.org/docs/messages/module-not-found @ http://localhost:3000/_next/static/chunks/node_modules_next_dist_1gdrd03._.js:1945
[    1022ms] [ERROR] ./src/app/layout.tsx:4:1
Module not found: Can't resolve '@/components/Navbar'
  2 | import { Inter } from "next/font/google";
  3 | import "./globals.css";
> 4 | import { Navbar } from "@/components/Navbar";
    | ^^^^^^^^^^^^^^^^^^^^^^^^^^^^^^^^^^^^^^^^^^^^^
  5 | import { Footer } from "@/components/Footer";
  6 | import { StudioChat } from "@/components/StudioChat";
  7 |

Import map: aliased to relative './src/components/Navbar' inside of [project]/

https://nextjs.org/docs/messages/module-not-found @ http://localhost:3000/_next/static/chunks/node_modules_next_dist_1gdrd03._.js:1945
[    1071ms] [ERROR] ./src/app/layout.tsx:4:1
Module not found: Can't resolve '@/components/Navbar'
  2 | import { Inter } from "next/font/google";
  3 | import "./globals.css";
> 4 | import { Navbar } from "@/components/Navbar";
    | ^^^^^^^^^^^^^^^^^^^^^^^^^^^^^^^^^^^^^^^^^^^^^
  5 | import { Footer } from "@/components/Footer";
  6 | import { StudioChat } from "@/components/StudioChat";
  7 |

Import map: aliased to relative './src/components/Navbar' inside of [project]/

https://nextjs.org/docs/messages/module-not-found @ http://localhost:3000/_next/static/chunks/node_modules_next_dist_1gdrd03._.js:1945
[    1124ms] [ERROR] ./src/app/layout.tsx:4:1
Module not found: Can't resolve '@/components/Navbar'
  2 | import { Inter } from "next/font/google";
  3 | import "./globals.css";
> 4 | import { Navbar } from "@/components/Navbar";
    | ^^^^^^^^^^^^^^^^^^^^^^^^^^^^^^^^^^^^^^^^^^^^^
  5 | import { Footer } from "@/components/Footer";
  6 | import { StudioChat } from "@/components/StudioChat";
  7 |

Import map: aliased to relative './src/components/Navbar' inside of [project]/

https://nextjs.org/docs/messages/module-not-found @ http://localhost:3000/_next/static/chunks/node_modules_next_dist_1gdrd03._.js:1945
[    1177ms] [ERROR] ./src/app/layout.tsx:4:1
Module not found: Can't resolve '@/components/Navbar'
  2 | import { Inter } from "next/font/google";
  3 | import "./globals.css";
> 4 | import { Navbar } from "@/components/Navbar";
    | ^^^^^^^^^^^^^^^^^^^^^^^^^^^^^^^^^^^^^^^^^^^^^
  5 | import { Footer } from "@/components/Footer";
  6 | import { StudioChat } from "@/components/StudioChat";
  7 |

Import map: aliased to relative './src/components/Navbar' inside of [project]/

https://nextjs.org/docs/messages/module-not-found @ http://localhost:3000/_next/static/chunks/node_modules_next_dist_1gdrd03._.js:1945
[    1231ms] [ERROR] ./src/app/layout.tsx:4:1
Module not found: Can't resolve '@/components/Navbar'
  2 | import { Inter } from "next/font/google";
  3 | import "./globals.css";
> 4 | import { Navbar } from "@/components/Navbar";
    | ^^^^^^^^^^^^^^^^^^^^^^^^^^^^^^^^^^^^^^^^^^^^^
  5 | import { Footer } from "@/components/Footer";
  6 | import { StudioChat } from "@/components/StudioChat";
  7 |

Import map: aliased to relative './src/components/Navbar' inside of [project]/

https://nextjs.org/docs/messages/module-not-found @ http://localhost:3000/_next/static/chunks/node_modules_next_dist_1gdrd03._.js:1945
[    1287ms] [ERROR] ./src/app/layout.tsx:4:1
Module not found: Can't resolve '@/components/Navbar'
  2 | import { Inter } from "next/font/google";
  3 | import "./globals.css";
> 4 | import { Navbar } from "@/components/Navbar";
    | ^^^^^^^^^^^^^^^^^^^^^^^^^^^^^^^^^^^^^^^^^^^^^
  5 | import { Footer } from "@/components/Footer";
  6 | import { StudioChat } from "@/components/StudioChat";
  7 |

Import map: aliased to relative './src/components/Navbar' inside of [project]/

https://nextjs.org/docs/messages/module-not-found @ http://localhost:3000/_next/static/chunks/node_modules_next_dist_1gdrd03._.js:1945
[    1340ms] [ERROR] ./src/app/layout.tsx:4:1
Module not found: Can't resolve '@/components/Navbar'
  2 | import { Inter } from "next/font/google";
  3 | import "./globals.css";
> 4 | import { Navbar } from "@/components/Navbar";
    | ^^^^^^^^^^^^^^^^^^^^^^^^^^^^^^^^^^^^^^^^^^^^^
  5 | import { Footer } from "@/components/Footer";
  6 | import { StudioChat } from "@/components/StudioChat";
  7 |

Import map: aliased to relative './src/components/Navbar' inside of [project]/

https://nextjs.org/docs/messages/module-not-found @ http://localhost:3000/_next/static/chunks/node_modules_next_dist_1gdrd03._.js:1945
[    1394ms] [ERROR] ./src/app/layout.tsx:4:1
Module not found: Can't resolve '@/components/Navbar'
  2 | import { Inter } from "next/font/google";
  3 | import "./globals.css";
> 4 | import { Navbar } from "@/components/Navbar";
    | ^^^^^^^^^^^^^^^^^^^^^^^^^^^^^^^^^^^^^^^^^^^^^
  5 | import { Footer } from "@/components/Footer";
  6 | import { StudioChat } from "@/components/StudioChat";
  7 |

Import map: aliased to relative './src/components/Navbar' inside of [project]/

https://nextjs.org/docs/messages/module-not-found @ http://localhost:3000/_next/static/chunks/node_modules_next_dist_1gdrd03._.js:1945
[    1451ms] [ERROR] ./src/app/layout.tsx:4:1
Module not found: Can't resolve '@/components/Navbar'
  2 | import { Inter } from "next/font/google";
  3 | import "./globals.css";
> 4 | import { Navbar } from "@/components/Navbar";
    | ^^^^^^^^^^^^^^^^^^^^^^^^^^^^^^^^^^^^^^^^^^^^^
  5 | import { Footer } from "@/components/Footer";
  6 | import { StudioChat } from "@/components/StudioChat";
  7 |

Import map: aliased to relative './src/components/Navbar' inside of [project]/

https://nextjs.org/docs/messages/module-not-found @ http://localhost:3000/_next/static/chunks/node_modules_next_dist_1gdrd03._.js:1945
[    1516ms] [ERROR] ./src/app/layout.tsx:4:1
Module not found: Can't resolve '@/components/Navbar'
  2 | import { Inter } from "next/font/google";
  3 | import "./globals.css";
> 4 | import { Navbar } from "@/components/Navbar";
    | ^^^^^^^^^^^^^^^^^^^^^^^^^^^^^^^^^^^^^^^^^^^^^
  5 | import { Footer } from "@/components/Footer";
  6 | import { StudioChat } from "@/components/StudioChat";
  7 |

Import map: aliased to relative './src/components/Navbar' inside of [project]/

https://nextjs.org/docs/messages/module-not-found @ http://localhost:3000/_next/static/chunks/node_modules_next_dist_1gdrd03._.js:1945
[    1572ms] [ERROR] ./src/app/layout.tsx:4:1
Module not found: Can't resolve '@/components/Navbar'
  2 | import { Inter } from "next/font/google";
  3 | import "./globals.css";
> 4 | import { Navbar } from "@/components/Navbar";
    | ^^^^^^^^^^^^^^^^^^^^^^^^^^^^^^^^^^^^^^^^^^^^^
  5 | import { Footer } from "@/components/Footer";
  6 | import { StudioChat } from "@/components/StudioChat";
  7 |

Import map: aliased to relative './src/components/Navbar' inside of [project]/

https://nextjs.org/docs/messages/module-not-found @ http://localhost:3000/_next/static/chunks/node_modules_next_dist_1gdrd03._.js:1945
[    1626ms] [ERROR] ./src/app/layout.tsx:4:1
Module not found: Can't resolve '@/components/Navbar'
  2 | import { Inter } from "next/font/google";
  3 | import "./globals.css";
> 4 | import { Navbar } from "@/components/Navbar";
    | ^^^^^^^^^^^^^^^^^^^^^^^^^^^^^^^^^^^^^^^^^^^^^
  5 | import { Footer } from "@/components/Footer";
  6 | import { StudioChat } from "@/components/StudioChat";
  7 |

Import map: aliased to relative './src/components/Navbar' inside of [project]/

https://nextjs.org/docs/messages/module-not-found @ http://localhost:3000/_next/static/chunks/node_modules_next_dist_1gdrd03._.js:1945
[    1683ms] [ERROR] ./src/app/layout.tsx:4:1
Module not found: Can't resolve '@/components/Navbar'
  2 | import { Inter } from "next/font/google";
  3 | import "./globals.css";
> 4 | import { Navbar } from "@/components/Navbar";
    | ^^^^^^^^^^^^^^^^^^^^^^^^^^^^^^^^^^^^^^^^^^^^^
  5 | import { Footer } from "@/components/Footer";
  6 | import { StudioChat } from "@/components/StudioChat";
  7 |

Import map: aliased to relative './src/components/Navbar' inside of [project]/

https://nextjs.org/docs/messages/module-not-found @ http://localhost:3000/_next/static/chunks/node_modules_next_dist_1gdrd03._.js:1945
[    1732ms] [ERROR] ./src/app/layout.tsx:4:1
Module not found: Can't resolve '@/components/Navbar'
  2 | import { Inter } from "next/font/google";
  3 | import "./globals.css";
> 4 | import { Navbar } from "@/components/Navbar";
    | ^^^^^^^^^^^^^^^^^^^^^^^^^^^^^^^^^^^^^^^^^^^^^
  5 | import { Footer } from "@/components/Footer";
  6 | import { StudioChat } from "@/components/StudioChat";
  7 |

Import map: aliased to relative './src/components/Navbar' inside of [project]/

https://nextjs.org/docs/messages/module-not-found @ http://localhost:3000/_next/static/chunks/node_modules_next_dist_1gdrd03._.js:1945
[    1788ms] [ERROR] ./src/app/layout.tsx:4:1
Module not found: Can't resolve '@/components/Navbar'
  2 | import { Inter } from "next/font/google";
  3 | import "./globals.css";
> 4 | import { Navbar } from "@/components/Navbar";
    | ^^^^^^^^^^^^^^^^^^^^^^^^^^^^^^^^^^^^^^^^^^^^^
  5 | import { Footer } from "@/components/Footer";
  6 | import { StudioChat } from "@/components/StudioChat";
  7 |

Import map: aliased to relative './src/components/Navbar' inside of [project]/

https://nextjs.org/docs/messages/module-not-found @ http://localhost:3000/_next/static/chunks/node_modules_next_dist_1gdrd03._.js:1945
[    1845ms] [ERROR] ./src/app/layout.tsx:4:1
Module not found: Can't resolve '@/components/Navbar'
  2 | import { Inter } from "next/font/google";
  3 | import "./globals.css";
> 4 | import { Navbar } from "@/components/Navbar";
    | ^^^^^^^^^^^^^^^^^^^^^^^^^^^^^^^^^^^^^^^^^^^^^
  5 | import { Footer } from "@/components/Footer";
  6 | import { StudioChat } from "@/components/StudioChat";
  7 |

Import map: aliased to relative './src/components/Navbar' inside of [project]/

https://nextjs.org/docs/messages/module-not-found @ http://localhost:3000/_next/static/chunks/node_modules_next_dist_1gdrd03._.js:1945
[    1890ms] [ERROR] ./src/app/layout.tsx:4:1
Module not found: Can't resolve '@/components/Navbar'
  2 | import { Inter } from "next/font/google";
  3 | import "./globals.css";
> 4 | import { Navbar } from "@/components/Navbar";
    | ^^^^^^^^^^^^^^^^^^^^^^^^^^^^^^^^^^^^^^^^^^^^^
  5 | import { Footer } from "@/components/Footer";
  6 | import { StudioChat } from "@/components/StudioChat";
  7 |

Import map: aliased to relative './src/components/Navbar' inside of [project]/

https://nextjs.org/docs/messages/module-not-found @ http://localhost:3000/_next/static/chunks/node_modules_next_dist_1gdrd03._.js:1945
[    1940ms] [ERROR] ./src/app/layout.tsx:4:1
Module not found: Can't resolve '@/components/Navbar'
  2 | import { Inter } from "next/font/google";
  3 | import "./globals.css";
> 4 | import { Navbar } from "@/components/Navbar";
    | ^^^^^^^^^^^^^^^^^^^^^^^^^^^^^^^^^^^^^^^^^^^^^
  5 | import { Footer } from "@/components/Footer";
  6 | import { StudioChat } from "@/components/StudioChat";
  7 |

Import map: aliased to relative './src/components/Navbar' inside of [project]/

https://nextjs.org/docs/messages/module-not-found @ http://localhost:3000/_next/static/chunks/node_modules_next_dist_1gdrd03._.js:1945
[    1995ms] [ERROR] ./src/app/layout.tsx:4:1
Module not found: Can't resolve '@/components/Navbar'
  2 | import { Inter } from "next/font/google";
  3 | import "./globals.css";
> 4 | import { Navbar } from "@/components/Navbar";
    | ^^^^^^^^^^^^^^^^^^^^^^^^^^^^^^^^^^^^^^^^^^^^^
  5 | import { Footer } from "@/components/Footer";
  6 | import { StudioChat } from "@/components/StudioChat";
  7 |

Import map: aliased to relative './src/components/Navbar' inside of [project]/

https://nextjs.org/docs/messages/module-not-found @ http://localhost:3000/_next/static/chunks/node_modules_next_dist_1gdrd03._.js:1945
[    2049ms] [ERROR] ./src/app/layout.tsx:4:1
Module not found: Can't resolve '@/components/Navbar'
  2 | import { Inter } from "next/font/google";
  3 | import "./globals.css";
> 4 | import { Navbar } from "@/components/Navbar";
    | ^^^^^^^^^^^^^^^^^^^^^^^^^^^^^^^^^^^^^^^^^^^^^
  5 | import { Footer } from "@/components/Footer";
  6 | import { StudioChat } from "@/components/StudioChat";
  7 |

Import map: aliased to relative './src/components/Navbar' inside of [project]/

https://nextjs.org/docs/messages/module-not-found @ http://localhost:3000/_next/static/chunks/node_modules_next_dist_1gdrd03._.js:1945
[    2103ms] [ERROR] ./src/app/layout.tsx:4:1
Module not found: Can't resolve '@/components/Navbar'
  2 | import { Inter } from "next/font/google";
  3 | import "./globals.css";
> 4 | import { Navbar } from "@/components/Navbar";
    | ^^^^^^^^^^^^^^^^^^^^^^^^^^^^^^^^^^^^^^^^^^^^^
  5 | import { Footer } from "@/components/Footer";
  6 | import { StudioChat } from "@/components/StudioChat";
  7 |

Import map: aliased to relative './src/components/Navbar' inside of [project]/

https://nextjs.org/docs/messages/module-not-found @ http://localhost:3000/_next/static/chunks/node_modules_next_dist_1gdrd03._.js:1945
[    2158ms] [ERROR] ./src/app/layout.tsx:4:1
Module not found: Can't resolve '@/components/Navbar'
  2 | import { Inter } from "next/font/google";
  3 | import "./globals.css";
> 4 | import { Navbar } from "@/components/Navbar";
    | ^^^^^^^^^^^^^^^^^^^^^^^^^^^^^^^^^^^^^^^^^^^^^
  5 | import { Footer } from "@/components/Footer";
  6 | import { StudioChat } from "@/components/StudioChat";
  7 |

Import map: aliased to relative './src/components/Navbar' inside of [project]/

https://nextjs.org/docs/messages/module-not-found @ http://localhost:3000/_next/static/chunks/node_modules_next_dist_1gdrd03._.js:1945
[    2213ms] [ERROR] ./src/app/layout.tsx:4:1
Module not found: Can't resolve '@/components/Navbar'
  2 | import { Inter } from "next/font/google";
  3 | import "./globals.css";
> 4 | import { Navbar } from "@/components/Navbar";
    | ^^^^^^^^^^^^^^^^^^^^^^^^^^^^^^^^^^^^^^^^^^^^^
  5 | import { Footer } from "@/components/Footer";
  6 | import { StudioChat } from "@/components/StudioChat";
  7 |

Import map: aliased to relative './src/components/Navbar' inside of [project]/

https://nextjs.org/docs/messages/module-not-found @ http://localhost:3000/_next/static/chunks/node_modules_next_dist_1gdrd03._.js:1945
[    2272ms] [ERROR] ./src/app/layout.tsx:4:1
Module not found: Can't resolve '@/components/Navbar'
  2 | import { Inter } from "next/font/google";
  3 | import "./globals.css";
> 4 | import { Navbar } from "@/components/Navbar";
    | ^^^^^^^^^^^^^^^^^^^^^^^^^^^^^^^^^^^^^^^^^^^^^
  5 | import { Footer } from "@/components/Footer";
  6 | import { StudioChat } from "@/components/StudioChat";
  7 |

Import map: aliased to relative './src/components/Navbar' inside of [project]/

https://nextjs.org/docs/messages/module-not-found @ http://localhost:3000/_next/static/chunks/node_modules_next_dist_1gdrd03._.js:1945
[    2329ms] [ERROR] ./src/app/layout.tsx:4:1
Module not found: Can't resolve '@/components/Navbar'
  2 | import { Inter } from "next/font/google";
  3 | import "./globals.css";
> 4 | import { Navbar } from "@/components/Navbar";
    | ^^^^^^^^^^^^^^^^^^^^^^^^^^^^^^^^^^^^^^^^^^^^^
  5 | import { Footer } from "@/components/Footer";
  6 | import { StudioChat } from "@/components/StudioChat";
  7 |

Import map: aliased to relative './src/components/Navbar' inside of [project]/

https://nextjs.org/docs/messages/module-not-found @ http://localhost:3000/_next/static/chunks/node_modules_next_dist_1gdrd03._.js:1945
[    2384ms] [ERROR] ./src/app/layout.tsx:4:1
Module not found: Can't resolve '@/components/Navbar'
  2 | import { Inter } from "next/font/google";
  3 | import "./globals.css";
> 4 | import { Navbar } from "@/components/Navbar";
    | ^^^^^^^^^^^^^^^^^^^^^^^^^^^^^^^^^^^^^^^^^^^^^
  5 | import { Footer } from "@/components/Footer";
  6 | import { StudioChat } from "@/components/StudioChat";
  7 |

Import map: aliased to relative './src/components/Navbar' inside of [project]/

https://nextjs.org/docs/messages/module-not-found @ http://localhost:3000/_next/static/chunks/node_modules_next_dist_1gdrd03._.js:1945
[    2438ms] [ERROR] ./src/app/layout.tsx:4:1
Module not found: Can't resolve '@/components/Navbar'
  2 | import { Inter } from "next/font/google";
  3 | import "./globals.css";
> 4 | import { Navbar } from "@/components/Navbar";
    | ^^^^^^^^^^^^^^^^^^^^^^^^^^^^^^^^^^^^^^^^^^^^^
  5 | import { Footer } from "@/components/Footer";
  6 | import { StudioChat } from "@/components/StudioChat";
  7 |

Import map: aliased to relative './src/components/Navbar' inside of [project]/

https://nextjs.org/docs/messages/module-not-found @ http://localhost:3000/_next/static/chunks/node_modules_next_dist_1gdrd03._.js:1945
[    2494ms] [ERROR] ./src/app/layout.tsx:4:1
Module not found: Can't resolve '@/components/Navbar'
  2 | import { Inter } from "next/font/google";
  3 | import "./globals.css";
> 4 | import { Navbar } from "@/components/Navbar";
    | ^^^^^^^^^^^^^^^^^^^^^^^^^^^^^^^^^^^^^^^^^^^^^
  5 | import { Footer } from "@/components/Footer";
  6 | import { StudioChat } from "@/components/StudioChat";
  7 |

Import map: aliased to relative './src/components/Navbar' inside of [project]/

https://nextjs.org/docs/messages/module-not-found @ http://localhost:3000/_next/static/chunks/node_modules_next_dist_1gdrd03._.js:1945
[    2551ms] [ERROR] ./src/app/layout.tsx:4:1
Module not found: Can't resolve '@/components/Navbar'
  2 | import { Inter } from "next/font/google";
  3 | import "./globals.css";
> 4 | import { Navbar } from "@/components/Navbar";
    | ^^^^^^^^^^^^^^^^^^^^^^^^^^^^^^^^^^^^^^^^^^^^^
  5 | import { Footer } from "@/components/Footer";
  6 | import { StudioChat } from "@/components/StudioChat";
  7 |

Import map: aliased to relative './src/components/Navbar' inside of [project]/

https://nextjs.org/docs/messages/module-not-found @ http://localhost:3000/_next/static/chunks/node_modules_next_dist_1gdrd03._.js:1945
[    2605ms] [ERROR] ./src/app/layout.tsx:4:1
Module not found: Can't resolve '@/components/Navbar'
  2 | import { Inter } from "next/font/google";
  3 | import "./globals.css";
> 4 | import { Navbar } from "@/components/Navbar";
    | ^^^^^^^^^^^^^^^^^^^^^^^^^^^^^^^^^^^^^^^^^^^^^
  5 | import { Footer } from "@/components/Footer";
  6 | import { StudioChat } from "@/components/StudioChat";
  7 |

Import map: aliased to relative './src/components/Navbar' inside of [project]/

https://nextjs.org/docs/messages/module-not-found @ http://localhost:3000/_next/static/chunks/node_modules_next_dist_1gdrd03._.js:1945
[    2659ms] [ERROR] ./src/app/layout.tsx:4:1
Module not found: Can't resolve '@/components/Navbar'
  2 | import { Inter } from "next/font/google";
  3 | import "./globals.css";
> 4 | import { Navbar } from "@/components/Navbar";
    | ^^^^^^^^^^^^^^^^^^^^^^^^^^^^^^^^^^^^^^^^^^^^^
  5 | import { Footer } from "@/components/Footer";
  6 | import { StudioChat } from "@/components/StudioChat";
  7 |

Import map: aliased to relative './src/components/Navbar' inside of [project]/

https://nextjs.org/docs/messages/module-not-found @ http://localhost:3000/_next/static/chunks/node_modules_next_dist_1gdrd03._.js:1945
[    2709ms] [ERROR] ./src/app/layout.tsx:4:1
Module not found: Can't resolve '@/components/Navbar'
  2 | import { Inter } from "next/font/google";
  3 | import "./globals.css";
> 4 | import { Navbar } from "@/components/Navbar";
    | ^^^^^^^^^^^^^^^^^^^^^^^^^^^^^^^^^^^^^^^^^^^^^
  5 | import { Footer } from "@/components/Footer";
  6 | import { StudioChat } from "@/components/StudioChat";
  7 |

Import map: aliased to relative './src/components/Navbar' inside of [project]/

https://nextjs.org/docs/messages/module-not-found @ http://localhost:3000/_next/static/chunks/node_modules_next_dist_1gdrd03._.js:1945
[    2763ms] [ERROR] ./src/app/layout.tsx:4:1
Module not found: Can't resolve '@/components/Navbar'
  2 | import { Inter } from "next/font/google";
  3 | import "./globals.css";
> 4 | import { Navbar } from "@/components/Navbar";
    | ^^^^^^^^^^^^^^^^^^^^^^^^^^^^^^^^^^^^^^^^^^^^^
  5 | import { Footer } from "@/components/Footer";
  6 | import { StudioChat } from "@/components/StudioChat";
  7 |

Import map: aliased to relative './src/components/Navbar' inside of [project]/

https://nextjs.org/docs/messages/module-not-found @ http://localhost:3000/_next/static/chunks/node_modules_next_dist_1gdrd03._.js:1945
[    2818ms] [ERROR] ./src/app/layout.tsx:4:1
Module not found: Can't resolve '@/components/Navbar'
  2 | import { Inter } from "next/font/google";
  3 | import "./globals.css";
> 4 | import { Navbar } from "@/components/Navbar";
    | ^^^^^^^^^^^^^^^^^^^^^^^^^^^^^^^^^^^^^^^^^^^^^
  5 | import { Footer } from "@/components/Footer";
  6 | import { StudioChat } from "@/components/StudioChat";
  7 |

Import map: aliased to relative './src/components/Navbar' inside of [project]/

https://nextjs.org/docs/messages/module-not-found @ http://localhost:3000/_next/static/chunks/node_modules_next_dist_1gdrd03._.js:1945
[    2869ms] [ERROR] ./src/app/layout.tsx:4:1
Module not found: Can't resolve '@/components/Navbar'
  2 | import { Inter } from "next/font/google";
  3 | import "./globals.css";
> 4 | import { Navbar } from "@/components/Navbar";
    | ^^^^^^^^^^^^^^^^^^^^^^^^^^^^^^^^^^^^^^^^^^^^^
  5 | import { Footer } from "@/components/Footer";
  6 | import { StudioChat } from "@/components/StudioChat";
  7 |

Import map: aliased to relative './src/components/Navbar' inside of [project]/

https://nextjs.org/docs/messages/module-not-found @ http://localhost:3000/_next/static/chunks/node_modules_next_dist_1gdrd03._.js:1945
[    2923ms] [ERROR] ./src/app/layout.tsx:4:1
Module not found: Can't resolve '@/components/Navbar'
  2 | import { Inter } from "next/font/google";
  3 | import "./globals.css";
> 4 | import { Navbar } from "@/components/Navbar";
    | ^^^^^^^^^^^^^^^^^^^^^^^^^^^^^^^^^^^^^^^^^^^^^
  5 | import { Footer } from "@/components/Footer";
  6 | import { StudioChat } from "@/components/StudioChat";
  7 |

Import map: aliased to relative './src/components/Navbar' inside of [project]/

https://nextjs.org/docs/messages/module-not-found @ http://localhost:3000/_next/static/chunks/node_modules_next_dist_1gdrd03._.js:1945
[    2975ms] [ERROR] ./src/app/layout.tsx:4:1
Module not found: Can't resolve '@/components/Navbar'
  2 | import { Inter } from "next/font/google";
  3 | import "./globals.css";
> 4 | import { Navbar } from "@/components/Navbar";
    | ^^^^^^^^^^^^^^^^^^^^^^^^^^^^^^^^^^^^^^^^^^^^^
  5 | import { Footer } from "@/components/Footer";
  6 | import { StudioChat } from "@/components/StudioChat";
  7 |

Import map: aliased to relative './src/components/Navbar' inside of [project]/

https://nextjs.org/docs/messages/module-not-found @ http://localhost:3000/_next/static/chunks/node_modules_next_dist_1gdrd03._.js:1945
[    3032ms] [ERROR] ./src/app/layout.tsx:4:1
Module not found: Can't resolve '@/components/Navbar'
  2 | import { Inter } from "next/font/google";
  3 | import "./globals.css";
> 4 | import { Navbar } from "@/components/Navbar";
    | ^^^^^^^^^^^^^^^^^^^^^^^^^^^^^^^^^^^^^^^^^^^^^
  5 | import { Footer } from "@/components/Footer";
  6 | import { StudioChat } from "@/components/StudioChat";
  7 |

Import map: aliased to relative './src/components/Navbar' inside of [project]/

https://nextjs.org/docs/messages/module-not-found @ http://localhost:3000/_next/static/chunks/node_modules_next_dist_1gdrd03._.js:1945
[    3085ms] [ERROR] ./src/app/layout.tsx:4:1
Module not found: Can't resolve '@/components/Navbar'
  2 | import { Inter } from "next/font/google";
  3 | import "./globals.css";
> 4 | import { Navbar } from "@/components/Navbar";
    | ^^^^^^^^^^^^^^^^^^^^^^^^^^^^^^^^^^^^^^^^^^^^^
  5 | import { Footer } from "@/components/Footer";
  6 | import { StudioChat } from "@/components/StudioChat";
  7 |

Import map: aliased to relative './src/components/Navbar' inside of [project]/

https://nextjs.org/docs/messages/module-not-found @ http://localhost:3000/_next/static/chunks/node_modules_next_dist_1gdrd03._.js:1945
[    3134ms] [ERROR] ./src/app/layout.tsx:4:1
Module not found: Can't resolve '@/components/Navbar'
  2 | import { Inter } from "next/font/google";
  3 | import "./globals.css";
> 4 | import { Navbar } from "@/components/Navbar";
    | ^^^^^^^^^^^^^^^^^^^^^^^^^^^^^^^^^^^^^^^^^^^^^
  5 | import { Footer } from "@/components/Footer";
  6 | import { StudioChat } from "@/components/StudioChat";
  7 |

Import map: aliased to relative './src/components/Navbar' inside of [project]/

https://nextjs.org/docs/messages/module-not-found @ http://localhost:3000/_next/static/chunks/node_modules_next_dist_1gdrd03._.js:1945
[    3190ms] [ERROR] ./src/app/layout.tsx:4:1
Module not found: Can't resolve '@/components/Navbar'
  2 | import { Inter } from "next/font/google";
  3 | import "./globals.css";
> 4 | import { Navbar } from "@/components/Navbar";
    | ^^^^^^^^^^^^^^^^^^^^^^^^^^^^^^^^^^^^^^^^^^^^^
  5 | import { Footer } from "@/components/Footer";
  6 | import { StudioChat } from "@/components/StudioChat";
  7 |

Import map: aliased to relative './src/components/Navbar' inside of [project]/

https://nextjs.org/docs/messages/module-not-found @ http://localhost:3000/_next/static/chunks/node_modules_next_dist_1gdrd03._.js:1945
[    3264ms] [ERROR] ./src/app/layout.tsx:4:1
Module not found: Can't resolve '@/components/Navbar'
  2 | import { Inter } from "next/font/google";
  3 | import "./globals.css";
> 4 | import { Navbar } from "@/components/Navbar";
    | ^^^^^^^^^^^^^^^^^^^^^^^^^^^^^^^^^^^^^^^^^^^^^
  5 | import { Footer } from "@/components/Footer";
  6 | import { StudioChat } from "@/components/StudioChat";
  7 |

Import map: aliased to relative './src/components/Navbar' inside of [project]/

https://nextjs.org/docs/messages/module-not-found @ http://localhost:3000/_next/static/chunks/node_modules_next_dist_1gdrd03._.js:1945
[    3317ms] [ERROR] ./src/app/layout.tsx:4:1
Module not found: Can't resolve '@/components/Navbar'
  2 | import { Inter } from "next/font/google";
  3 | import "./globals.css";
> 4 | import { Navbar } from "@/components/Navbar";
    | ^^^^^^^^^^^^^^^^^^^^^^^^^^^^^^^^^^^^^^^^^^^^^
  5 | import { Footer } from "@/components/Footer";
  6 | import { StudioChat } from "@/components/StudioChat";
  7 |

Import map: aliased to relative './src/components/Navbar' inside of [project]/

https://nextjs.org/docs/messages/module-not-found @ http://localhost:3000/_next/static/chunks/node_modules_next_dist_1gdrd03._.js:1945
[    3365ms] [ERROR] ./src/app/layout.tsx:4:1
Module not found: Can't resolve '@/components/Navbar'
  2 | import { Inter } from "next/font/google";
  3 | import "./globals.css";
> 4 | import { Navbar } from "@/components/Navbar";
    | ^^^^^^^^^^^^^^^^^^^^^^^^^^^^^^^^^^^^^^^^^^^^^
  5 | import { Footer } from "@/components/Footer";
  6 | import { StudioChat } from "@/components/StudioChat";
  7 |

Import map: aliased to relative './src/components/Navbar' inside of [project]/

https://nextjs.org/docs/messages/module-not-found @ http://localhost:3000/_next/static/chunks/node_modules_next_dist_1gdrd03._.js:1945
[    3417ms] [ERROR] ./src/app/layout.tsx:4:1
Module not found: Can't resolve '@/components/Navbar'
  2 | import { Inter } from "next/font/google";
  3 | import "./globals.css";
> 4 | import { Navbar } from "@/components/Navbar";
    | ^^^^^^^^^^^^^^^^^^^^^^^^^^^^^^^^^^^^^^^^^^^^^
  5 | import { Footer } from "@/components/Footer";
  6 | import { StudioChat } from "@/components/StudioChat";
  7 |

Import map: aliased to relative './src/components/Navbar' inside of [project]/

https://nextjs.org/docs/messages/module-not-found @ http://localhost:3000/_next/static/chunks/node_modules_next_dist_1gdrd03._.js:1945
[    3470ms] [ERROR] ./src/app/layout.tsx:4:1
Module not found: Can't resolve '@/components/Navbar'
  2 | import { Inter } from "next/font/google";
  3 | import "./globals.css";
> 4 | import { Navbar } from "@/components/Navbar";
    | ^^^^^^^^^^^^^^^^^^^^^^^^^^^^^^^^^^^^^^^^^^^^^
  5 | import { Footer } from "@/components/Footer";
  6 | import { StudioChat } from "@/components/StudioChat";
  7 |

Import map: aliased to relative './src/components/Navbar' inside of [project]/

https://nextjs.org/docs/messages/module-not-found @ http://localhost:3000/_next/static/chunks/node_modules_next_dist_1gdrd03._.js:1945
[    3524ms] [ERROR] ./src/app/layout.tsx:4:1
Module not found: Can't resolve '@/components/Navbar'
  2 | import { Inter } from "next/font/google";
  3 | import "./globals.css";
> 4 | import { Navbar } from "@/components/Navbar";
    | ^^^^^^^^^^^^^^^^^^^^^^^^^^^^^^^^^^^^^^^^^^^^^
  5 | import { Footer } from "@/components/Footer";
  6 | import { StudioChat } from "@/components/StudioChat";
  7 |

Import map: aliased to relative './src/components/Navbar' inside of [project]/

https://nextjs.org/docs/messages/module-not-found @ http://localhost:3000/_next/static/chunks/node_modules_next_dist_1gdrd03._.js:1945
[    3577ms] [ERROR] ./src/app/layout.tsx:4:1
Module not found: Can't resolve '@/components/Navbar'
  2 | import { Inter } from "next/font/google";
  3 | import "./globals.css";
> 4 | import { Navbar } from "@/components/Navbar";
    | ^^^^^^^^^^^^^^^^^^^^^^^^^^^^^^^^^^^^^^^^^^^^^
  5 | import { Footer } from "@/components/Footer";
  6 | import { StudioChat } from "@/components/StudioChat";
  7 |

Import map: aliased to relative './src/components/Navbar' inside of [project]/

https://nextjs.org/docs/messages/module-not-found @ http://localhost:3000/_next/static/chunks/node_modules_next_dist_1gdrd03._.js:1945
[    3631ms] [ERROR] ./src/app/layout.tsx:4:1
Module not found: Can't resolve '@/components/Navbar'
  2 | import { Inter } from "next/font/google";
  3 | import "./globals.css";
> 4 | import { Navbar } from "@/components/Navbar";
    | ^^^^^^^^^^^^^^^^^^^^^^^^^^^^^^^^^^^^^^^^^^^^^
  5 | import { Footer } from "@/components/Footer";
  6 | import { StudioChat } from "@/components/StudioChat";
  7 |

Import map: aliased to relative './src/components/Navbar' inside of [project]/

https://nextjs.org/docs/messages/module-not-found @ http://localhost:3000/_next/static/chunks/node_modules_next_dist_1gdrd03._.js:1945
[    3686ms] [ERROR] ./src/app/layout.tsx:4:1
Module not found: Can't resolve '@/components/Navbar'
  2 | import { Inter } from "next/font/google";
  3 | import "./globals.css";
> 4 | import { Navbar } from "@/components/Navbar";
    | ^^^^^^^^^^^^^^^^^^^^^^^^^^^^^^^^^^^^^^^^^^^^^
  5 | import { Footer } from "@/components/Footer";
  6 | import { StudioChat } from "@/components/StudioChat";
  7 |

Import map: aliased to relative './src/components/Navbar' inside of [project]/

https://nextjs.org/docs/messages/module-not-found @ http://localhost:3000/_next/static/chunks/node_modules_next_dist_1gdrd03._.js:1945
[    3731ms] [ERROR] ./src/app/layout.tsx:4:1
Module not found: Can't resolve '@/components/Navbar'
  2 | import { Inter } from "next/font/google";
  3 | import "./globals.css";
> 4 | import { Navbar } from "@/components/Navbar";
    | ^^^^^^^^^^^^^^^^^^^^^^^^^^^^^^^^^^^^^^^^^^^^^
  5 | import { Footer } from "@/components/Footer";
  6 | import { StudioChat } from "@/components/StudioChat";
  7 |

Import map: aliased to relative './src/components/Navbar' inside of [project]/

https://nextjs.org/docs/messages/module-not-found @ http://localhost:3000/_next/static/chunks/node_modules_next_dist_1gdrd03._.js:1945
