[     206ms] [INFO] %cDownload the React DevTools for a better development experience: https://react.dev/link/react-devtools font-weight:bold @ http://localhost:3000/_next/static/chunks/node_modules_next_dist_1ybzpk2._.js:2477
[     391ms] [LOG] [HMR] connected @ http://localhost:3000/_next/static/chunks/node_modules_next_dist_1ybzpk2._.js:2477
[   45098ms] [LOG] [Fast Refresh] rebuilding @ http://localhost:3000/_next/static/chunks/node_modules_next_dist_1ybzpk2._.js:2477
[   46593ms] [ERROR] Failed to load resource: the server responded with a status of 500 (Internal Server Error) @ http://localhost:3000/services?_rsc=6ME58JfuliLohx2X:0
[   46626ms] [ERROR] Failed to load resource: the server responded with a status of 500 (Internal Server Error) @ http://localhost:3000/services?_rsc=6ME58JfuliLohx2X:0
[   46640ms] [ERROR] Failed to load resource: the server responded with a status of 500 (Internal Server Error) @ http://localhost:3000/services?_rsc=6ME58JfuliLohx2X:0
[   46669ms] [ERROR] Failed to load resource: the server responded with a status of 500 (Internal Server Error) @ http://localhost:3000/services?_rsc=6ME58JfuliLohx2X:0
[   46679ms] [ERROR] Failed to load resource: the server responded with a status of 500 (Internal Server Error) @ http://localhost:3000/services?_rsc=6ME58JfuliLohx2X:0
[   46696ms] [ERROR] Failed to load resource: the server responded with a status of 500 (Internal Server Error) @ http://localhost:3000/services:0
[   46867ms] [INFO] %cDownload the React DevTools for a better development experience: https://react.dev/link/react-devtools font-weight:bold @ http://localhost:3000/_next/static/chunks/node_modules_react-dom_0kla17-._.js:15305
[   46916ms] Error: ./src/app/layout.tsx:4:1
Module not found: Can't resolve '@/components/Navbar'
  2 | import { Inter } from "next/font/google";
  3 | import "./globals.css";
> 4 | import { Navbar } from "@/components/Navbar";
    | ^^^^^^^^^^^^^^^^^^^^^^^^^^^^^^^^^^^^^^^^^^^^^
  5 | import { Footer } from "@/components/Footer";
  6 | import { StudioChat } from "@/components/StudioChat";
  7 |

Import map: aliased to relative './src/components/Navbar' inside of [project]/


https://nextjs.org/docs/messages/module-not-found


    at <unknown> (Error: ./src/app/layout.tsx:4:1)
    at <unknown> (https://nextjs.org/docs/messages/module-not-found)
    at Object.getCompilationErrors (file:///Users/maxvandersterren/3D Designer Portfolio/node_modules/next/dist/server/dev/hot-reloader-turbopack.js:1186:59)
    at DevBundlerService.getCompilationError (file:///Users/maxvandersterren/3D Designer Portfolio/node_modules/next/dist/server/lib/dev-bundler-service.js:44:55)
    at DevServer.getCompilationError (file:///Users/maxvandersterren/3D Designer Portfolio/node_modules/next/dist/server/dev/next-dev-server.js:720:42)
    at DevServer.findPageComponents (file:///Users/maxvandersterren/3D Designer Portfolio/node_modules/next/dist/server/dev/next-dev-server.js:690:43)
    at async DevServer.renderErrorToResponseImpl (file:///Users/maxvandersterren/3D Designer Portfolio/node_modules/next/dist/server/base-server.js:1753:26)
[   46915ms] [LOG] [HMR] connected @ http://localhost:3000/_next/static/chunks/node_modules_next_dist_1gdrd03._.js:1226
[   46921ms] [ERROR] ./src/app/layout.tsx:4:1
Module not found: Can't resolve '@/components/Navbar'
  2 | import { Inter } from "next/font/google";
  3 | import "./globals.css";
> 4 | import { Navbar } from "@/components/Navbar";
    | ^^^^^^^^^^^^^^^^^^^^^^^^^^^^^^^^^^^^^^^^^^^^^
  5 | import { Footer } from "@/components/Footer";
  6 | import { StudioChat } from "@/components/StudioChat";
  7 |

Import map: aliased to relative './src/components/Navbar' inside of [project]/

https://nextjs.org/docs/messages/module-not-found @ http://localhost:3000/_next/static/chunks/node_modules_next_dist_1gdrd03._.js:1945
[   46922ms] [ERROR] ./src/app/layout.tsx:4:1
Module not found: Can't resolve '@/components/Navbar'
  2 | import { Inter } from "next/font/google";
  3 | import "./globals.css";
> 4 | import { Navbar } from "@/components/Navbar";
    | ^^^^^^^^^^^^^^^^^^^^^^^^^^^^^^^^^^^^^^^^^^^^^
  5 | import { Footer } from "@/components/Footer";
  6 | import { StudioChat } from "@/components/StudioChat";
  7 |

Import map: aliased to relative './src/components/Navbar' inside of [project]/

https://nextjs.org/docs/messages/module-not-found @ http://localhost:3000/_next/static/chunks/node_modules_next_dist_1gdrd03._.js:1945
[   46922ms] [ERROR] ./src/app/layout.tsx:4:1
Module not found: Can't resolve '@/components/Navbar'
  2 | import { Inter } from "next/font/google";
  3 | import "./globals.css";
> 4 | import { Navbar } from "@/components/Navbar";
    | ^^^^^^^^^^^^^^^^^^^^^^^^^^^^^^^^^^^^^^^^^^^^^
  5 | import { Footer } from "@/components/Footer";
  6 | import { StudioChat } from "@/components/StudioChat";
  7 |

Import map: aliased to relative './src/components/Navbar' inside of [project]/

https://nextjs.org/docs/messages/module-not-found @ http://localhost:3000/_next/static/chunks/node_modules_next_dist_1gdrd03._.js:1945
[   46922ms] [ERROR] ./src/app/layout.tsx:4:1
Module not found: Can't resolve '@/components/Navbar'
  2 | import { Inter } from "next/font/google";
  3 | import "./globals.css";
> 4 | import { Navbar } from "@/components/Navbar";
    | ^^^^^^^^^^^^^^^^^^^^^^^^^^^^^^^^^^^^^^^^^^^^^
  5 | import { Footer } from "@/components/Footer";
  6 | import { StudioChat } from "@/components/StudioChat";
  7 |

Import map: aliased to relative './src/components/Navbar' inside of [project]/

https://nextjs.org/docs/messages/module-not-found @ http://localhost:3000/_next/static/chunks/node_modules_next_dist_1gdrd03._.js:1945
[   46922ms] [ERROR] ./src/app/layout.tsx:4:1
Module not found: Can't resolve '@/components/Navbar'
  2 | import { Inter } from "next/font/google";
  3 | import "./globals.css";
> 4 | import { Navbar } from "@/components/Navbar";
    | ^^^^^^^^^^^^^^^^^^^^^^^^^^^^^^^^^^^^^^^^^^^^^
  5 | import { Footer } from "@/components/Footer";
  6 | import { StudioChat } from "@/components/StudioChat";
  7 |

Import map: aliased to relative './src/components/Navbar' inside of [project]/

https://nextjs.org/docs/messages/module-not-found @ http://localhost:3000/_next/static/chunks/node_modules_next_dist_1gdrd03._.js:1945
[   46922ms] [ERROR] ./src/app/layout.tsx:4:1
Module not found: Can't resolve '@/components/Navbar'
  2 | import { Inter } from "next/font/google";
  3 | import "./globals.css";
> 4 | import { Navbar } from "@/components/Navbar";
    | ^^^^^^^^^^^^^^^^^^^^^^^^^^^^^^^^^^^^^^^^^^^^^
  5 | import { Footer } from "@/components/Footer";
  6 | import { StudioChat } from "@/components/StudioChat";
  7 |

Import map: aliased to relative './src/components/Navbar' inside of [project]/

https://nextjs.org/docs/messages/module-not-found @ http://localhost:3000/_next/static/chunks/node_modules_next_dist_1gdrd03._.js:1945
[   46988ms] [ERROR] ./src/app/layout.tsx:4:1
Module not found: Can't resolve '@/components/Navbar'
  2 | import { Inter } from "next/font/google";
  3 | import "./globals.css";
> 4 | import { Navbar } from "@/components/Navbar";
    | ^^^^^^^^^^^^^^^^^^^^^^^^^^^^^^^^^^^^^^^^^^^^^
  5 | import { Footer } from "@/components/Footer";
  6 | import { StudioChat } from "@/components/StudioChat";
  7 |

Import map: aliased to relative './src/components/Navbar' inside of [project]/

https://nextjs.org/docs/messages/module-not-found @ http://localhost:3000/_next/static/chunks/node_modules_next_dist_1gdrd03._.js:1945
[   47032ms] [LOG] [Fast Refresh] rebuilding @ http://localhost:3000/_next/static/chunks/node_modules_next_dist_1gdrd03._.js:1226
